<?xml version="1.0" encoding="UTF-8" standalone="yes"?><!DOCTYPE report PUBLIC "-//JACOCO//DTD Report 1.0//EN" "report.dtd"><report name="WattDepot"><sessioninfo id="dhcp-168-105-82-191.wireless.manoa.hawaii.edu-6691511a" start="1425683444620" dump="1425683446101"/><sessioninfo id="dhcp-168-105-82-191.wireless.manoa.hawaii.edu-93256811" start="1425683490719" dump="1425683492258"/><sessioninfo id="dhcp-168-105-82-191.wireless.manoa.hawaii.edu-ba81a318" start="1425683554399" dump="1425683562838"/><sessioninfo id="dhcp-168-105-82-191.wireless.manoa.hawaii.edu-2bf8da04" start="1425684541679" dump="1425684550118"/><sessioninfo id="dhcp-168-105-82-191.wireless.manoa.hawaii.edu-37d0bbdb" start="1425684723502" dump="1425684734708"/><sessioninfo id="dhcp-168-105-82-191.wireless.manoa.hawaii.edu-e4a1f331" start="1425684932759" dump="1425684943940"/><sessioninfo id="dhcp-168-105-82-191.wireless.manoa.hawaii.edu-f92ca561" start="1425685022326" dump="1425685033177"/><sessioninfo id="dhcp-168-105-82-191.wireless.manoa.hawaii.edu-60e7004f" start="1425685216881" dump="1425685228036"/><sessioninfo id="dhcp-168-105-82-191.wireless.manoa.hawaii.edu-32245d86" start="1425685509781" dump="1425685521180"/><sessioninfo id="dhcp-168-105-82-191.wireless.manoa.hawaii.edu-773299e1" start="1425685671047" dump="1425685682259"/><sessioninfo id="dhcp-168-105-82-191.wireless.manoa.hawaii.edu-53a5a8f" start="1425686447142" dump="1425686458312"/><sessioninfo id="dhcp-168-105-82-191.wireless.manoa.hawaii.edu-79fd2681" start="1425690610678" dump="1425690622163"/><sessioninfo id="dhcp-168-105-82-191.wireless.manoa.hawaii.edu-41a11c8e" start="1425690927341" dump="1425690938508"/><sessioninfo id="dhcp-168-105-82-191.wireless.manoa.hawaii.edu-ffa75444" start="1425691981623" dump="1425691983001"/><sessioninfo id="dhcp-168-105-82-191.wireless.manoa.hawaii.edu-ef62af08" start="1425692221752" dump="1425692232982"/><sessioninfo id="dhcp-168-105-82-191.wireless.manoa.hawaii.edu-6b4f669f" start="1425692954038" dump="1425692965481"/><sessioninfo id="dhcp-168-105-82-191.wireless.manoa.hawaii.edu-55245047" start="1425693086675" dump="1425693098032"/><package name="org/wattdepot/client/http/api"><class name="org/wattdepot/client/http/api/WattDepotAdminClient"><method name="&lt;init&gt;" desc="(Ljava/lang/String;Ljava/lang/String;Ljava/lang/String;Ljava/lang/String;)V" line="67"><counter type="INSTRUCTION" missed="5" covered="12"/><counter type="BRANCH" missed="1" covered="1"/><counter type="LINE" missed="1" covered="3"/><counter type="COMPLEXITY" missed="1" covered="1"/><counter type="METHOD" missed="0" covered="1"/></method><method name="deleteOrganization" desc="(Ljava/lang/String;)V" line="82"><counter type="INSTRUCTION" missed="18" covered="22"/><counter type="LINE" missed="2" covered="6"/><counter type="COMPLEXITY" missed="0" covered="1"/><counter type="METHOD" missed="0" covered="1"/></method><method name="deleteUser" desc="(Ljava/lang/String;Ljava/lang/String;)V" line="103"><counter type="INSTRUCTION" missed="0" covered="46"/><counter type="LINE" missed="0" covered="8"/><counter type="COMPLEXITY" missed="0" covered="1"/><counter type="METHOD" missed="0" covered="1"/></method><method name="putOrganization" desc="(Lorg/wattdepot/common/domainmodel/Organization;)V" line="125"><counter type="INSTRUCTION" missed="5" covered="16"/><counter type="LINE" missed="0" covered="6"/><counter type="COMPLEXITY" missed="0" covered="1"/><counter type="METHOD" missed="0" covered="1"/></method><method name="putUser" desc="(Lorg/wattdepot/common/domainmodel/UserInfo;)V" line="144"><counter type="INSTRUCTION" missed="5" covered="28"/><counter type="LINE" missed="0" covered="6"/><counter type="COMPLEXITY" missed="0" covered="1"/><counter type="METHOD" missed="0" covered="1"/></method><method name="updateOrganization" desc="(Lorg/wattdepot/common/domainmodel/Organization;)V" line="163"><counter type="INSTRUCTION" missed="5" covered="24"/><counter type="LINE" missed="0" covered="6"/><counter type="COMPLEXITY" missed="0" covered="1"/><counter type="METHOD" missed="0" covered="1"/></method><method name="updateUser" desc="(Lorg/wattdepot/common/domainmodel/UserInfo;)V" line="181"><counter type="INSTRUCTION" missed="5" covered="24"/><counter type="LINE" missed="0" covered="6"/><counter type="COMPLEXITY" missed="0" covered="1"/><counter type="METHOD" missed="0" covered="1"/></method><method name="getOrganization" desc="(Ljava/lang/String;)Lorg/wattdepot/common/domainmodel/Organization;" line="200"><counter type="INSTRUCTION" missed="0" covered="44"/><counter type="LINE" missed="0" covered="9"/><counter type="COMPLEXITY" missed="0" covered="1"/><counter type="METHOD" missed="0" covered="1"/></method><method name="getOrganizations" desc="()Lorg/wattdepot/common/domainmodel/OrganizationList;" line="222"><counter type="INSTRUCTION" missed="5" covered="19"/><counter type="LINE" missed="0" covered="7"/><counter type="COMPLEXITY" missed="0" covered="1"/><counter type="METHOD" missed="0" covered="1"/></method><method name="getUser" desc="(Ljava/lang/String;Ljava/lang/String;)Lorg/wattdepot/common/domainmodel/UserInfo;" line="241"><counter type="INSTRUCTION" missed="0" covered="50"/><counter type="LINE" missed="0" covered="9"/><counter type="COMPLEXITY" missed="0" covered="1"/><counter type="METHOD" missed="0" covered="1"/></method><method name="getUsers" desc="(Ljava/lang/String;)Lorg/wattdepot/common/domainmodel/UserInfoList;" line="263"><counter type="INSTRUCTION" missed="5" covered="30"/><counter type="LINE" missed="0" covered="7"/><counter type="COMPLEXITY" missed="0" covered="1"/><counter type="METHOD" missed="0" covered="1"/></method><method name="getUserPassword" desc="(Ljava/lang/String;Ljava/lang/String;)Lorg/wattdepot/common/domainmodel/UserPassword;" line="284"><counter type="INSTRUCTION" missed="50" covered="0"/><counter type="LINE" missed="9" covered="0"/><counter type="COMPLEXITY" missed="1" covered="0"/><counter type="METHOD" missed="1" covered="0"/></method><method name="updateUserPassword" desc="(Lorg/wattdepot/common/domainmodel/UserPassword;)V" line="304"><counter type="INSTRUCTION" missed="47" covered="0"/><counter type="LINE" missed="8" covered="0"/><counter type="COMPLEXITY" missed="1" covered="0"/><counter type="METHOD" missed="1" covered="0"/></method><method name="isDefinedOrganization" desc="(Ljava/lang/String;)Z" line="323"><counter type="INSTRUCTION" missed="0" covered="9"/><counter type="LINE" missed="0" covered="4"/><counter type="COMPLEXITY" missed="0" covered="1"/><counter type="METHOD" missed="0" covered="1"/></method><method name="isDefinedUserInfo" desc="(Ljava/lang/String;Ljava/lang/String;)Z" line="337"><counter type="INSTRUCTION" missed="0" covered="10"/><counter type="LINE" missed="0" covered="4"/><counter type="COMPLEXITY" missed="0" covered="1"/><counter type="METHOD" missed="0" covered="1"/></method><counter type="INSTRUCTION" missed="150" covered="334"/><counter type="BRANCH" missed="1" covered="1"/><counter type="LINE" missed="20" covered="81"/><counter type="COMPLEXITY" missed="3" covered="13"/><counter type="METHOD" missed="2" covered="13"/><counter type="CLASS" missed="0" covered="1"/></class><class name="org/wattdepot/client/http/api/ExampleInstances"><method name="&lt;init&gt;" desc="()V" line="51"><counter type="INSTRUCTION" missed="90" covered="0"/><counter type="BRANCH" missed="2" covered="0"/><counter type="LINE" missed="18" covered="0"/><counter type="COMPLEXITY" missed="2" covered="0"/><counter type="METHOD" missed="1" covered="0"/></method><method name="setUpOrganization" desc="()V" line="87"><counter type="INSTRUCTION" missed="103" covered="0"/><counter type="BRANCH" missed="6" covered="0"/><counter type="LINE" missed="14" covered="0"/><counter type="COMPLEXITY" missed="4" covered="0"/><counter type="METHOD" missed="1" covered="0"/></method><method name="setUpItems" desc="()V" line="119"><counter type="INSTRUCTION" missed="192" covered="0"/><counter type="BRANCH" missed="22" covered="0"/><counter type="LINE" missed="38" covered="0"/><counter type="COMPLEXITY" missed="12" covered="0"/><counter type="METHOD" missed="1" covered="0"/></method><method name="main" desc="([Ljava/lang/String;)V" line="188"><counter type="INSTRUCTION" missed="7" covered="0"/><counter type="LINE" missed="3" covered="0"/><counter type="COMPLEXITY" missed="1" covered="0"/><counter type="METHOD" missed="1" covered="0"/></method><counter type="INSTRUCTION" missed="392" covered="0"/><counter type="BRANCH" missed="30" covered="0"/><counter type="LINE" missed="73" covered="0"/><counter type="COMPLEXITY" missed="19" covered="0"/><counter type="METHOD" missed="4" covered="0"/><counter type="CLASS" missed="1" covered="0"/></class><class name="org/wattdepot/client/http/api/WattDepotClient"><method name="&lt;init&gt;" desc="(Ljava/lang/String;Ljava/lang/String;Ljava/lang/String;Ljava/lang/String;)V" line="105"><counter type="INSTRUCTION" missed="24" covered="122"/><counter type="BRANCH" missed="1" covered="5"/><counter type="LINE" missed="5" covered="24"/><counter type="COMPLEXITY" missed="1" covered="3"/><counter type="METHOD" missed="0" covered="1"/></method><method name="deleteCollectorProcessDefinition" desc="(Lorg/wattdepot/common/domainmodel/CollectorProcessDefinition;)V" line="175"><counter type="INSTRUCTION" missed="0" covered="48"/><counter type="LINE" missed="0" covered="8"/><counter type="COMPLEXITY" missed="0" covered="1"/><counter type="METHOD" missed="0" covered="1"/></method><method name="deleteDepository" desc="(Lorg/wattdepot/common/domainmodel/Depository;)V" line="198"><counter type="INSTRUCTION" missed="0" covered="48"/><counter type="LINE" missed="0" covered="8"/><counter type="COMPLEXITY" missed="0" covered="1"/><counter type="METHOD" missed="0" covered="1"/></method><method name="deleteMeasurementPruningDefinition" desc="(Lorg/wattdepot/common/domainmodel/MeasurementPruningDefinition;)V" line="214"><counter type="INSTRUCTION" missed="0" covered="48"/><counter type="LINE" missed="0" covered="8"/><counter type="COMPLEXITY" missed="0" covered="1"/><counter type="METHOD" missed="0" covered="1"/></method><method name="deleteMeasurement" desc="(Lorg/wattdepot/common/domainmodel/Depository;Lorg/wattdepot/common/domainmodel/Measurement;)V" line="238"><counter type="INSTRUCTION" missed="0" covered="52"/><counter type="LINE" missed="0" covered="8"/><counter type="COMPLEXITY" missed="0" covered="1"/><counter type="METHOD" missed="0" covered="1"/></method><method name="deleteMeasurementType" desc="(Lorg/wattdepot/common/domainmodel/MeasurementType;)V" line="259"><counter type="INSTRUCTION" missed="0" covered="36"/><counter type="LINE" missed="0" covered="8"/><counter type="COMPLEXITY" missed="0" covered="1"/><counter type="METHOD" missed="0" covered="1"/></method><method name="deleteSensor" desc="(Lorg/wattdepot/common/domainmodel/Sensor;)V" line="280"><counter type="INSTRUCTION" missed="0" covered="43"/><counter type="LINE" missed="0" covered="8"/><counter type="COMPLEXITY" missed="0" covered="1"/><counter type="METHOD" missed="0" covered="1"/></method><method name="deleteSensorGroup" desc="(Lorg/wattdepot/common/domainmodel/SensorGroup;)V" line="301"><counter type="INSTRUCTION" missed="0" covered="48"/><counter type="LINE" missed="0" covered="8"/><counter type="COMPLEXITY" missed="0" covered="1"/><counter type="METHOD" missed="0" covered="1"/></method><method name="deleteSensorModel" desc="(Lorg/wattdepot/common/domainmodel/SensorModel;)V" line="324"><counter type="INSTRUCTION" missed="0" covered="41"/><counter type="LINE" missed="0" covered="8"/><counter type="COMPLEXITY" missed="0" covered="1"/><counter type="METHOD" missed="0" covered="1"/></method><method name="getCollectorProcessDefinition" desc="(Ljava/lang/String;)Lorg/wattdepot/common/domainmodel/CollectorProcessDefinition;" line="348"><counter type="INSTRUCTION" missed="0" covered="56"/><counter type="BRANCH" missed="2" covered="2"/><counter type="LINE" missed="0" covered="9"/><counter type="COMPLEXITY" missed="2" covered="1"/><counter type="METHOD" missed="0" covered="1"/></method><method name="getCollectorProcessDefinitions" desc="()Lorg/wattdepot/common/domainmodel/CollectorProcessDefinitionList;" line="375"><counter type="INSTRUCTION" missed="0" covered="28"/><counter type="LINE" missed="0" covered="5"/><counter type="COMPLEXITY" missed="0" covered="1"/><counter type="METHOD" missed="0" covered="1"/></method><method name="getDepositories" desc="()Lorg/wattdepot/common/domainmodel/DepositoryList;" line="391"><counter type="INSTRUCTION" missed="5" covered="31"/><counter type="LINE" missed="0" covered="7"/><counter type="COMPLEXITY" missed="0" covered="1"/><counter type="METHOD" missed="0" covered="1"/></method><method name="getDepository" desc="(Ljava/lang/String;)Lorg/wattdepot/common/domainmodel/Depository;" line="411"><counter type="INSTRUCTION" missed="0" covered="51"/><counter type="LINE" missed="0" covered="9"/><counter type="COMPLEXITY" missed="0" covered="1"/><counter type="METHOD" missed="0" covered="1"/></method><method name="getDepositorySensors" desc="(Ljava/lang/String;)Lorg/wattdepot/common/domainmodel/SensorList;" line="435"><counter type="INSTRUCTION" missed="18" covered="39"/><counter type="LINE" missed="2" covered="7"/><counter type="COMPLEXITY" missed="0" covered="1"/><counter type="METHOD" missed="0" covered="1"/></method><method name="getEarliestValue" desc="(Lorg/wattdepot/common/domainmodel/Depository;Lorg/wattdepot/common/domainmodel/Sensor;)Lorg/wattdepot/common/domainmodel/InterpolatedValue;" line="460"><counter type="INSTRUCTION" missed="0" covered="44"/><counter type="LINE" missed="0" covered="5"/><counter type="COMPLEXITY" missed="0" covered="1"/><counter type="METHOD" missed="0" covered="1"/></method><method name="getEarliestValue" desc="(Lorg/wattdepot/common/domainmodel/Depository;Lorg/wattdepot/common/domainmodel/SensorGroup;)Lorg/wattdepot/common/domainmodel/InterpolatedValue;" line="479"><counter type="INSTRUCTION" missed="0" covered="44"/><counter type="LINE" missed="0" covered="5"/><counter type="COMPLEXITY" missed="0" covered="1"/><counter type="METHOD" missed="0" covered="1"/></method><method name="getMeasurementPruningDefinition" desc="(Ljava/lang/String;)Lorg/wattdepot/common/domainmodel/MeasurementPruningDefinition;" line="498"><counter type="INSTRUCTION" missed="0" covered="49"/><counter type="LINE" missed="0" covered="8"/><counter type="COMPLEXITY" missed="0" covered="1"/><counter type="METHOD" missed="0" covered="1"/></method><method name="getMeasurementPruningDefinitions" desc="()Lorg/wattdepot/common/domainmodel/MeasurementPruningDefinitionList;" line="523"><counter type="INSTRUCTION" missed="0" covered="28"/><counter type="LINE" missed="0" covered="5"/><counter type="COMPLEXITY" missed="0" covered="1"/><counter type="METHOD" missed="0" covered="1"/></method><method name="getLatestValue" desc="(Lorg/wattdepot/common/domainmodel/Depository;Lorg/wattdepot/common/domainmodel/Sensor;)Lorg/wattdepot/common/domainmodel/InterpolatedValue;" line="541"><counter type="INSTRUCTION" missed="0" covered="44"/><counter type="LINE" missed="0" covered="5"/><counter type="COMPLEXITY" missed="0" covered="1"/><counter type="METHOD" missed="0" covered="1"/></method><method name="getLatestValue" desc="(Lorg/wattdepot/common/domainmodel/Depository;Lorg/wattdepot/common/domainmodel/SensorGroup;)Lorg/wattdepot/common/domainmodel/InterpolatedValue;" line="559"><counter type="INSTRUCTION" missed="0" covered="44"/><counter type="LINE" missed="0" covered="5"/><counter type="COMPLEXITY" missed="0" covered="1"/><counter type="METHOD" missed="0" covered="1"/></method><method name="getMeasurements" desc="(Lorg/wattdepot/common/domainmodel/Depository;Lorg/wattdepot/common/domainmodel/Sensor;Ljava/util/Date;Ljava/util/Date;)Lorg/wattdepot/common/domainmodel/MeasurementList;" line="578"><counter type="INSTRUCTION" missed="5" covered="52"/><counter type="LINE" missed="3" covered="5"/><counter type="COMPLEXITY" missed="0" covered="1"/><counter type="METHOD" missed="0" covered="1"/></method><method name="getMeasurements" desc="(Lorg/wattdepot/common/domainmodel/Depository;Lorg/wattdepot/common/domainmodel/SensorGroup;Ljava/util/Date;Ljava/util/Date;)Lorg/wattdepot/common/domainmodel/MeasurementList;" line="603"><counter type="INSTRUCTION" missed="5" covered="52"/><counter type="LINE" missed="3" covered="5"/><counter type="COMPLEXITY" missed="0" covered="1"/><counter type="METHOD" missed="0" covered="1"/></method><method name="getMeasurementType" desc="(Ljava/lang/String;)Lorg/wattdepot/common/domainmodel/MeasurementType;" line="626"><counter type="INSTRUCTION" missed="0" covered="49"/><counter type="BRANCH" missed="2" covered="2"/><counter type="LINE" missed="0" covered="9"/><counter type="COMPLEXITY" missed="2" covered="1"/><counter type="METHOD" missed="0" covered="1"/></method><method name="getMeasurementTypes" desc="()Lorg/wattdepot/common/domainmodel/MeasurementTypeList;" line="650"><counter type="INSTRUCTION" missed="0" covered="16"/><counter type="LINE" missed="0" covered="5"/><counter type="COMPLEXITY" missed="0" covered="1"/><counter type="METHOD" missed="0" covered="1"/></method><method name="getOrganizationId" desc="()Ljava/lang/String;" line="661"><counter type="INSTRUCTION" missed="0" covered="3"/><counter type="LINE" missed="0" covered="1"/><counter type="COMPLEXITY" missed="0" covered="1"/><counter type="METHOD" missed="0" covered="1"/></method><method name="getSensor" desc="(Ljava/lang/String;)Lorg/wattdepot/common/domainmodel/Sensor;" line="671"><counter type="INSTRUCTION" missed="0" covered="56"/><counter type="BRANCH" missed="2" covered="2"/><counter type="LINE" missed="0" covered="9"/><counter type="COMPLEXITY" missed="2" covered="1"/><counter type="METHOD" missed="0" covered="1"/></method><method name="getSensorGroup" desc="(Ljava/lang/String;)Lorg/wattdepot/common/domainmodel/SensorGroup;" line="696"><counter type="INSTRUCTION" missed="0" covered="56"/><counter type="BRANCH" missed="2" covered="2"/><counter type="LINE" missed="0" covered="9"/><counter type="COMPLEXITY" missed="2" covered="1"/><counter type="METHOD" missed="0" covered="1"/></method><method name="getSensorGroups" desc="()Lorg/wattdepot/common/domainmodel/SensorGroupList;" line="720"><counter type="INSTRUCTION" missed="0" covered="28"/><counter type="LINE" missed="0" covered="5"/><counter type="COMPLEXITY" missed="0" covered="1"/><counter type="METHOD" missed="0" covered="1"/></method><method name="getSensorModel" desc="(Ljava/lang/String;)Lorg/wattdepot/common/domainmodel/SensorModel;" line="736"><counter type="INSTRUCTION" missed="0" covered="49"/><counter type="BRANCH" missed="2" covered="2"/><counter type="LINE" missed="0" covered="9"/><counter type="COMPLEXITY" missed="2" covered="1"/><counter type="METHOD" missed="0" covered="1"/></method><method name="getSensorModels" desc="()Lorg/wattdepot/common/domainmodel/SensorModelList;" line="760"><counter type="INSTRUCTION" missed="0" covered="16"/><counter type="LINE" missed="0" covered="5"/><counter type="COMPLEXITY" missed="0" covered="1"/><counter type="METHOD" missed="0" covered="1"/></method><method name="getSensors" desc="()Lorg/wattdepot/common/domainmodel/SensorList;" line="774"><counter type="INSTRUCTION" missed="0" covered="28"/><counter type="LINE" missed="0" covered="5"/><counter type="COMPLEXITY" missed="0" covered="1"/><counter type="METHOD" missed="0" covered="1"/></method><method name="getValue" desc="(Lorg/wattdepot/common/domainmodel/Depository;Lorg/wattdepot/common/domainmodel/Sensor;Ljava/util/Date;)Ljava/lang/Double;" line="791"><counter type="INSTRUCTION" missed="21" covered="58"/><counter type="BRANCH" missed="6" covered="2"/><counter type="LINE" missed="3" covered="9"/><counter type="COMPLEXITY" missed="4" covered="1"/><counter type="METHOD" missed="0" covered="1"/></method><method name="getValue" desc="(Lorg/wattdepot/common/domainmodel/Depository;Lorg/wattdepot/common/domainmodel/Sensor;Ljava/util/Date;Ljava/util/Date;)Ljava/lang/Double;" line="825"><counter type="INSTRUCTION" missed="17" covered="61"/><counter type="BRANCH" missed="5" covered="1"/><counter type="LINE" missed="3" covered="8"/><counter type="COMPLEXITY" missed="3" covered="1"/><counter type="METHOD" missed="0" covered="1"/></method><method name="getValue" desc="(Lorg/wattdepot/common/domainmodel/Depository;Lorg/wattdepot/common/domainmodel/Sensor;Ljava/util/Date;Ljava/util/Date;Ljava/lang/Long;)Ljava/lang/Double;" line="857"><counter type="INSTRUCTION" missed="17" covered="65"/><counter type="BRANCH" missed="5" covered="1"/><counter type="LINE" missed="3" covered="8"/><counter type="COMPLEXITY" missed="3" covered="1"/><counter type="METHOD" missed="0" covered="1"/></method><method name="getValue" desc="(Lorg/wattdepot/common/domainmodel/Depository;Lorg/wattdepot/common/domainmodel/Sensor;Ljava/util/Date;Ljava/lang/Long;)Ljava/lang/Double;" line="890"><counter type="INSTRUCTION" missed="17" covered="60"/><counter type="BRANCH" missed="5" covered="1"/><counter type="LINE" missed="3" covered="8"/><counter type="COMPLEXITY" missed="3" covered="1"/><counter type="METHOD" missed="0" covered="1"/></method><method name="getValue" desc="(Lorg/wattdepot/common/domainmodel/Depository;Lorg/wattdepot/common/domainmodel/SensorGroup;Ljava/util/Date;)Ljava/lang/Double;" line="921"><counter type="INSTRUCTION" missed="28" covered="58"/><counter type="BRANCH" missed="6" covered="2"/><counter type="LINE" missed="5" covered="9"/><counter type="COMPLEXITY" missed="4" covered="1"/><counter type="METHOD" missed="0" covered="1"/></method><method name="getValue" desc="(Lorg/wattdepot/common/domainmodel/Depository;Lorg/wattdepot/common/domainmodel/SensorGroup;Ljava/util/Date;Ljava/util/Date;)Ljava/lang/Double;" line="957"><counter type="INSTRUCTION" missed="24" covered="61"/><counter type="BRANCH" missed="5" covered="1"/><counter type="LINE" missed="5" covered="8"/><counter type="COMPLEXITY" missed="3" covered="1"/><counter type="METHOD" missed="0" covered="1"/></method><method name="getValue" desc="(Lorg/wattdepot/common/domainmodel/Depository;Lorg/wattdepot/common/domainmodel/SensorGroup;Ljava/util/Date;Ljava/util/Date;Ljava/lang/Long;)Ljava/lang/Double;" line="991"><counter type="INSTRUCTION" missed="24" covered="65"/><counter type="BRANCH" missed="5" covered="1"/><counter type="LINE" missed="5" covered="8"/><counter type="COMPLEXITY" missed="3" covered="1"/><counter type="METHOD" missed="0" covered="1"/></method><method name="getValue" desc="(Lorg/wattdepot/common/domainmodel/Depository;Lorg/wattdepot/common/domainmodel/SensorGroup;Ljava/util/Date;Ljava/lang/Long;)Ljava/lang/Double;" line="1026"><counter type="INSTRUCTION" missed="68" covered="16"/><counter type="BRANCH" missed="5" covered="1"/><counter type="LINE" missed="8" covered="5"/><counter type="COMPLEXITY" missed="3" covered="1"/><counter type="METHOD" missed="0" covered="1"/></method><method name="getValues" desc="(Lorg/wattdepot/common/domainmodel/Depository;Lorg/wattdepot/common/domainmodel/Sensor;Ljava/util/Date;Ljava/util/Date;Ljava/lang/Integer;Ljava/lang/Boolean;)Lorg/wattdepot/common/domainmodel/InterpolatedValueList;" line="1059"><counter type="INSTRUCTION" missed="17" covered="150"/><counter type="BRANCH" missed="5" covered="3"/><counter type="LINE" missed="3" covered="38"/><counter type="COMPLEXITY" missed="3" covered="2"/><counter type="METHOD" missed="0" covered="1"/></method><method name="getValues" desc="(Lorg/wattdepot/common/domainmodel/Depository;Lorg/wattdepot/common/domainmodel/SensorGroup;Ljava/util/Date;Ljava/util/Date;Ljava/lang/Integer;Ljava/lang/Boolean;)Lorg/wattdepot/common/domainmodel/InterpolatedValueList;" line="1120"><counter type="INSTRUCTION" missed="167" covered="0"/><counter type="BRANCH" missed="8" covered="0"/><counter type="LINE" missed="41" covered="0"/><counter type="COMPLEXITY" missed="5" covered="0"/><counter type="METHOD" missed="1" covered="0"/></method><method name="getWattDepotUri" desc="()Ljava/lang/String;" line="1176"><counter type="INSTRUCTION" missed="0" covered="3"/><counter type="LINE" missed="0" covered="1"/><counter type="COMPLEXITY" missed="0" covered="1"/><counter type="METHOD" missed="0" covered="1"/></method><method name="isDefinedCollectorProcessDefinition" desc="(Ljava/lang/String;)Z" line="1189"><counter type="INSTRUCTION" missed="3" covered="6"/><counter type="LINE" missed="2" covered="2"/><counter type="COMPLEXITY" missed="0" covered="1"/><counter type="METHOD" missed="0" covered="1"/></method><method name="isDefinedDepository" desc="(Ljava/lang/String;)Z" line="1207"><counter type="INSTRUCTION" missed="3" covered="6"/><counter type="LINE" missed="2" covered="2"/><counter type="COMPLEXITY" missed="0" covered="1"/><counter type="METHOD" missed="0" covered="1"/></method><method name="isDefinedMeasurementPruningDefinition" desc="(Ljava/lang/String;)Z" line="1225"><counter type="INSTRUCTION" missed="3" covered="6"/><counter type="LINE" missed="2" covered="2"/><counter type="COMPLEXITY" missed="0" covered="1"/><counter type="METHOD" missed="0" covered="1"/></method><method name="isDefinedMeasurementType" desc="(Ljava/lang/String;)Z" line="1243"><counter type="INSTRUCTION" missed="3" covered="6"/><counter type="LINE" missed="2" covered="2"/><counter type="COMPLEXITY" missed="0" covered="1"/><counter type="METHOD" missed="0" covered="1"/></method><method name="isDefinedSensor" desc="(Ljava/lang/String;)Z" line="1260"><counter type="INSTRUCTION" missed="3" covered="6"/><counter type="LINE" missed="2" covered="2"/><counter type="COMPLEXITY" missed="0" covered="1"/><counter type="METHOD" missed="0" covered="1"/></method><method name="isDefinedSensorGroup" desc="(Ljava/lang/String;)Z" line="1278"><counter type="INSTRUCTION" missed="3" covered="6"/><counter type="LINE" missed="2" covered="2"/><counter type="COMPLEXITY" missed="0" covered="1"/><counter type="METHOD" missed="0" covered="1"/></method><method name="isDefinedSensorModel" desc="(Ljava/lang/String;)Z" line="1296"><counter type="INSTRUCTION" missed="3" covered="6"/><counter type="LINE" missed="2" covered="2"/><counter type="COMPLEXITY" missed="0" covered="1"/><counter type="METHOD" missed="0" covered="1"/></method><method name="isHealthy" desc="()Z" line="1311"><counter type="INSTRUCTION" missed="0" covered="15"/><counter type="LINE" missed="0" covered="5"/><counter type="COMPLEXITY" missed="0" covered="1"/><counter type="METHOD" missed="0" covered="1"/></method><method name="makeClient" desc="(Ljava/lang/String;)Lorg/restlet/resource/ClientResource;" line="1327"><counter type="INSTRUCTION" missed="0" covered="36"/><counter type="LINE" missed="0" covered="5"/><counter type="COMPLEXITY" missed="0" covered="1"/><counter type="METHOD" missed="0" covered="1"/></method><method name="putCollectorProcessDefinition" desc="(Lorg/wattdepot/common/domainmodel/CollectorProcessDefinition;)V" line="1343"><counter type="INSTRUCTION" missed="5" covered="28"/><counter type="LINE" missed="0" covered="6"/><counter type="COMPLEXITY" missed="0" covered="1"/><counter type="METHOD" missed="0" covered="1"/></method><method name="putDepository" desc="(Lorg/wattdepot/common/domainmodel/Depository;)V" line="1364"><counter type="INSTRUCTION" missed="0" covered="33"/><counter type="LINE" missed="0" covered="6"/><counter type="COMPLEXITY" missed="0" covered="1"/><counter type="METHOD" missed="0" covered="1"/></method><method name="putMeasurementPruningDefinition" desc="(Lorg/wattdepot/common/domainmodel/MeasurementPruningDefinition;)V" line="1383"><counter type="INSTRUCTION" missed="0" covered="35"/><counter type="LINE" missed="0" covered="7"/><counter type="COMPLEXITY" missed="0" covered="1"/><counter type="METHOD" missed="0" covered="1"/></method><method name="putMeasurement" desc="(Lorg/wattdepot/common/domainmodel/Depository;Lorg/wattdepot/common/domainmodel/Measurement;)V" line="1405"><counter type="INSTRUCTION" missed="5" covered="67"/><counter type="BRANCH" missed="0" covered="2"/><counter type="LINE" missed="0" covered="8"/><counter type="COMPLEXITY" missed="0" covered="2"/><counter type="METHOD" missed="0" covered="1"/></method><method name="putMeasurements" desc="(Lorg/wattdepot/common/domainmodel/Depository;Lorg/wattdepot/common/domainmodel/MeasurementList;)V" line="1429"><counter type="INSTRUCTION" missed="40" covered="72"/><counter type="BRANCH" missed="2" covered="4"/><counter type="LINE" missed="2" covered="12"/><counter type="COMPLEXITY" missed="2" covered="2"/><counter type="METHOD" missed="0" covered="1"/></method><method name="putMeasurementType" desc="(Lorg/wattdepot/common/domainmodel/MeasurementType;)V" line="1465"><counter type="INSTRUCTION" missed="0" covered="21"/><counter type="LINE" missed="0" covered="6"/><counter type="COMPLEXITY" missed="0" covered="1"/><counter type="METHOD" missed="0" covered="1"/></method><method name="putSensor" desc="(Lorg/wattdepot/common/domainmodel/Sensor;)V" line="1484"><counter type="INSTRUCTION" missed="5" covered="28"/><counter type="LINE" missed="0" covered="6"/><counter type="COMPLEXITY" missed="0" covered="1"/><counter type="METHOD" missed="0" covered="1"/></method><method name="putSensorGroup" desc="(Lorg/wattdepot/common/domainmodel/SensorGroup;)V" line="1502"><counter type="INSTRUCTION" missed="0" covered="33"/><counter type="LINE" missed="0" covered="6"/><counter type="COMPLEXITY" missed="0" covered="1"/><counter type="METHOD" missed="0" covered="1"/></method><method name="putSensorModel" desc="(Lorg/wattdepot/common/domainmodel/SensorModel;)V" line="1520"><counter type="INSTRUCTION" missed="5" covered="16"/><counter type="LINE" missed="0" covered="6"/><counter type="COMPLEXITY" missed="0" covered="1"/><counter type="METHOD" missed="0" covered="1"/></method><method name="updateCollectorProcessDefinition" desc="(Lorg/wattdepot/common/domainmodel/CollectorProcessDefinition;)V" line="1539"><counter type="INSTRUCTION" missed="7" covered="29"/><counter type="LINE" missed="3" covered="3"/><counter type="COMPLEXITY" missed="0" covered="1"/><counter type="METHOD" missed="0" covered="1"/></method><method name="updateDepository" desc="(Lorg/wattdepot/common/domainmodel/Depository;)V" line="1559"><counter type="INSTRUCTION" missed="0" covered="5"/><counter type="LINE" missed="0" covered="1"/><counter type="COMPLEXITY" missed="0" covered="1"/><counter type="METHOD" missed="0" covered="1"/></method><method name="updateMeasurementPruningDefinition" desc="(Lorg/wattdepot/common/domainmodel/MeasurementPruningDefinition;)V" line="1571"><counter type="INSTRUCTION" missed="7" covered="29"/><counter type="LINE" missed="3" covered="3"/><counter type="COMPLEXITY" missed="0" covered="1"/><counter type="METHOD" missed="0" covered="1"/></method><method name="updateMeasurementType" desc="(Lorg/wattdepot/common/domainmodel/MeasurementType;)V" line="1592"><counter type="INSTRUCTION" missed="0" covered="29"/><counter type="LINE" missed="0" covered="6"/><counter type="COMPLEXITY" missed="0" covered="1"/><counter type="METHOD" missed="0" covered="1"/></method><method name="updateSensor" desc="(Lorg/wattdepot/common/domainmodel/Sensor;)V" line="1612"><counter type="INSTRUCTION" missed="5" covered="31"/><counter type="LINE" missed="0" covered="6"/><counter type="COMPLEXITY" missed="0" covered="1"/><counter type="METHOD" missed="0" covered="1"/></method><method name="updateSensorGroup" desc="(Lorg/wattdepot/common/domainmodel/SensorGroup;)V" line="1632"><counter type="INSTRUCTION" missed="5" covered="31"/><counter type="LINE" missed="0" covered="6"/><counter type="COMPLEXITY" missed="0" covered="1"/><counter type="METHOD" missed="0" covered="1"/></method><method name="updateSensorModel" desc="(Lorg/wattdepot/common/domainmodel/SensorModel;)V" line="1652"><counter type="INSTRUCTION" missed="5" covered="24"/><counter type="LINE" missed="0" covered="6"/><counter type="COMPLEXITY" missed="0" covered="1"/><counter type="METHOD" missed="0" covered="1"/></method><counter type="INSTRUCTION" missed="567" covered="2550"/><counter type="BRANCH" missed="68" covered="34"/><counter type="LINE" missed="114" covered="445"/><counter type="COMPLEXITY" missed="47" covered="71"/><counter type="METHOD" missed="1" covered="66"/><counter type="CLASS" missed="0" covered="1"/></class><sourcefile name="WattDepotAdminClient.java"><line nr="67" mi="0" ci="6" mb="0" cb="0"/><line nr="68" mi="0" ci="5" mb="1" cb="1"/><line nr="69" mi="5" ci="0" mb="0" cb="0"/><line nr="71" mi="0" ci="1" mb="0" cb="0"/><line nr="82" mi="0" ci="11" mb="0" cb="0"/><line nr="83" mi="0" ci="5" mb="0" cb="0"/><line nr="85" mi="0" ci="2" mb="0" cb="0"/><line nr="87" mi="1" ci="0" mb="0" cb="0"/><line nr="88" mi="12" ci="0" mb="0" cb="0"/><line nr="91" mi="5" ci="2" mb="0" cb="0"/><line nr="92" mi="0" ci="1" mb="0" cb="0"/><line nr="93" mi="0" ci="1" mb="0" cb="0"/><line nr="103" mi="0" ci="17" mb="0" cb="0"/><line nr="104" mi="0" ci="5" mb="0" cb="0"/><line nr="106" mi="0" ci="2" mb="0" cb="0"/><line nr="108" mi="0" ci="1" mb="0" cb="0"/><line nr="109" mi="0" ci="12" mb="0" cb="0"/><line nr="112" mi="0" ci="7" mb="0" cb="0"/><line nr="113" mi="0" ci="1" mb="0" cb="0"/><line nr="114" mi="0" ci="1" mb="0" cb="0"/><line nr="125" mi="0" ci="4" mb="0" cb="0"/><line nr="126" mi="0" ci="5" mb="0" cb="0"/><line nr="128" mi="0" ci="3" mb="0" cb="0"/><line nr="131" mi="5" ci="2" mb="0" cb="0"/><line nr="132" mi="0" ci="1" mb="0" cb="0"/><line nr="133" mi="0" ci="1" mb="0" cb="0"/><line nr="144" mi="0" ci="16" mb="0" cb="0"/><line nr="145" mi="0" ci="5" mb="0" cb="0"/><line nr="147" mi="0" ci="3" mb="0" cb="0"/><line nr="150" mi="5" ci="2" mb="0" cb="0"/><line nr="151" mi="0" ci="1" mb="0" cb="0"/><line nr="152" mi="0" ci="1" mb="0" cb="0"/><line nr="163" mi="0" ci="12" mb="0" cb="0"/><line nr="164" mi="0" ci="5" mb="0" cb="0"/><line nr="166" mi="0" ci="3" mb="0" cb="0"/><line nr="169" mi="5" ci="2" mb="0" cb="0"/><line nr="170" mi="0" ci="1" mb="0" cb="0"/><line nr="171" mi="0" ci="1" mb="0" cb="0"/><line nr="181" mi="0" ci="12" mb="0" cb="0"/><line nr="182" mi="0" ci="5" mb="0" cb="0"/><line nr="184" mi="0" ci="3" mb="0" cb="0"/><line nr="187" mi="5" ci="2" mb="0" cb="0"/><line nr="188" mi="0" ci="1" mb="0" cb="0"/><line nr="189" mi="0" ci="1" mb="0" cb="0"/><line nr="200" mi="0" ci="11" mb="0" cb="0"/><line nr="201" mi="0" ci="5" mb="0" cb="0"/><line nr="202" mi="0" ci="2" mb="0" cb="0"/><line nr="204" mi="0" ci="3" mb="0" cb="0"/><line nr="206" mi="0" ci="1" mb="0" cb="0"/><line nr="207" mi="0" ci="12" mb="0" cb="0"/><line nr="210" mi="0" ci="7" mb="0" cb="0"/><line nr="211" mi="0" ci="1" mb="0" cb="0"/><line nr="212" mi="0" ci="2" mb="0" cb="0"/><line nr="222" mi="0" ci="4" mb="0" cb="0"/><line nr="223" mi="0" ci="5" mb="0" cb="0"/><line nr="224" mi="0" ci="2" mb="0" cb="0"/><line nr="226" mi="0" ci="3" mb="0" cb="0"/><line nr="229" mi="5" ci="2" mb="0" cb="0"/><line nr="230" mi="0" ci="1" mb="0" cb="0"/><line nr="231" mi="0" ci="2" mb="0" cb="0"/><line nr="241" mi="0" ci="17" mb="0" cb="0"/><line nr="242" mi="0" ci="5" mb="0" cb="0"/><line nr="243" mi="0" ci="2" mb="0" cb="0"/><line nr="245" mi="0" ci="3" mb="0" cb="0"/><line nr="247" mi="0" ci="1" mb="0" cb="0"/><line nr="248" mi="0" ci="12" mb="0" cb="0"/><line nr="251" mi="0" ci="7" mb="0" cb="0"/><line nr="252" mi="0" ci="1" mb="0" cb="0"/><line nr="253" mi="0" ci="2" mb="0" cb="0"/><line nr="263" mi="0" ci="15" mb="0" cb="0"/><line nr="264" mi="0" ci="5" mb="0" cb="0"/><line nr="265" mi="0" ci="2" mb="0" cb="0"/><line nr="267" mi="0" ci="3" mb="0" cb="0"/><line nr="270" mi="5" ci="2" mb="0" cb="0"/><line nr="271" mi="0" ci="1" mb="0" cb="0"/><line nr="272" mi="0" ci="2" mb="0" cb="0"/><line nr="284" mi="17" ci="0" mb="0" cb="0"/><line nr="285" mi="5" ci="0" mb="0" cb="0"/><line nr="286" mi="2" ci="0" mb="0" cb="0"/><line nr="288" mi="3" ci="0" mb="0" cb="0"/><line nr="290" mi="1" ci="0" mb="0" cb="0"/><line nr="291" mi="12" ci="0" mb="0" cb="0"/><line nr="294" mi="7" ci="0" mb="0" cb="0"/><line nr="295" mi="1" ci="0" mb="0" cb="0"/><line nr="296" mi="2" ci="0" mb="0" cb="0"/><line nr="304" mi="16" ci="0" mb="0" cb="0"/><line nr="305" mi="5" ci="0" mb="0" cb="0"/><line nr="307" mi="3" ci="0" mb="0" cb="0"/><line nr="309" mi="1" ci="0" mb="0" cb="0"/><line nr="310" mi="13" ci="0" mb="0" cb="0"/><line nr="313" mi="7" ci="0" mb="0" cb="0"/><line nr="314" mi="1" ci="0" mb="0" cb="0"/><line nr="315" mi="1" ci="0" mb="0" cb="0"/><line nr="323" mi="0" ci="4" mb="0" cb="0"/><line nr="324" mi="0" ci="2" mb="0" cb="0"/><line nr="326" mi="0" ci="1" mb="0" cb="0"/><line nr="327" mi="0" ci="2" mb="0" cb="0"/><line nr="337" mi="0" ci="5" mb="0" cb="0"/><line nr="338" mi="0" ci="2" mb="0" cb="0"/><line nr="340" mi="0" ci="1" mb="0" cb="0"/><line nr="341" mi="0" ci="2" mb="0" cb="0"/><counter type="INSTRUCTION" missed="150" covered="334"/><counter type="BRANCH" missed="1" covered="1"/><counter type="LINE" missed="20" covered="81"/><counter type="COMPLEXITY" missed="3" covered="13"/><counter type="METHOD" missed="2" covered="13"/><counter type="CLASS" missed="0" covered="1"/></sourcefile><sourcefile name="ExampleInstances.java"><line nr="51" mi="2" ci="0" mb="0" cb="0"/><line nr="52" mi="4" ci="0" mb="0" cb="0"/><line nr="53" mi="19" ci="0" mb="0" cb="0"/><line nr="57" mi="13" ci="0" mb="0" cb="0"/><line nr="61" mi="1" ci="0" mb="0" cb="0"/><line nr="62" mi="18" ci="0" mb="0" cb="0"/><line nr="64" mi="1" ci="0" mb="0" cb="0"/><line nr="65" mi="3" ci="0" mb="2" cb="0"/><line nr="66" mi="2" ci="0" mb="0" cb="0"/><line nr="68" mi="9" ci="0" mb="0" cb="0"/><line nr="70" mi="1" ci="0" mb="0" cb="0"/><line nr="71" mi="2" ci="0" mb="0" cb="0"/><line nr="72" mi="1" ci="0" mb="0" cb="0"/><line nr="74" mi="9" ci="0" mb="0" cb="0"/><line nr="76" mi="1" ci="0" mb="0" cb="0"/><line nr="77" mi="2" ci="0" mb="0" cb="0"/><line nr="78" mi="1" ci="0" mb="0" cb="0"/><line nr="80" mi="1" ci="0" mb="0" cb="0"/><line nr="87" mi="9" ci="0" mb="0" cb="0"/><line nr="89" mi="14" ci="0" mb="0" cb="0"/><line nr="91" mi="14" ci="0" mb="0" cb="0"/><line nr="94" mi="6" ci="0" mb="0" cb="0"/><line nr="95" mi="6" ci="0" mb="0" cb="0"/><line nr="97" mi="22" ci="0" mb="6" cb="0"/><line nr="102" mi="5" ci="0" mb="0" cb="0"/><line nr="103" mi="4" ci="0" mb="0" cb="0"/><line nr="105" mi="4" ci="0" mb="0" cb="0"/><line nr="106" mi="4" ci="0" mb="0" cb="0"/><line nr="108" mi="5" ci="0" mb="0" cb="0"/><line nr="109" mi="5" ci="0" mb="0" cb="0"/><line nr="110" mi="4" ci="0" mb="0" cb="0"/><line nr="112" mi="1" ci="0" mb="0" cb="0"/><line nr="119" mi="10" ci="0" mb="0" cb="0"/><line nr="122" mi="6" ci="0" mb="2" cb="0"/><line nr="123" mi="4" ci="0" mb="0" cb="0"/><line nr="125" mi="10" ci="0" mb="0" cb="0"/><line nr="127" mi="6" ci="0" mb="2" cb="0"/><line nr="128" mi="4" ci="0" mb="0" cb="0"/><line nr="130" mi="4" ci="0" mb="0" cb="0"/><line nr="131" mi="5" ci="0" mb="0" cb="0"/><line nr="132" mi="5" ci="0" mb="0" cb="0"/><line nr="133" mi="9" ci="0" mb="0" cb="0"/><line nr="135" mi="6" ci="0" mb="2" cb="0"/><line nr="136" mi="4" ci="0" mb="0" cb="0"/><line nr="138" mi="2" ci="0" mb="0" cb="0"/><line nr="139" mi="2" ci="0" mb="0" cb="0"/><line nr="140" mi="5" ci="0" mb="2" cb="0"/><line nr="142" mi="5" ci="0" mb="0" cb="0"/><line nr="144" mi="1" ci="0" mb="0" cb="0"/><line nr="146" mi="1" ci="0" mb="0" cb="0"/><line nr="148" mi="5" ci="0" mb="2" cb="0"/><line nr="150" mi="5" ci="0" mb="0" cb="0"/><line nr="152" mi="1" ci="0" mb="0" cb="0"/><line nr="154" mi="1" ci="0" mb="0" cb="0"/><line nr="156" mi="2" ci="0" mb="0" cb="0"/><line nr="157" mi="2" ci="0" mb="2" cb="0"/><line nr="158" mi="9" ci="0" mb="0" cb="0"/><line nr="159" mi="6" ci="0" mb="2" cb="0"/><line nr="160" mi="4" ci="0" mb="0" cb="0"/><line nr="162" mi="13" ci="0" mb="0" cb="0"/><line nr="165" mi="13" ci="0" mb="0" cb="0"/><line nr="168" mi="6" ci="0" mb="2" cb="0"/><line nr="169" mi="4" ci="0" mb="0" cb="0"/><line nr="171" mi="6" ci="0" mb="2" cb="0"/><line nr="172" mi="4" ci="0" mb="0" cb="0"/><line nr="175" mi="2" ci="0" mb="2" cb="0"/><line nr="176" mi="9" ci="0" mb="0" cb="0"/><line nr="178" mi="6" ci="0" mb="2" cb="0"/><line nr="179" mi="4" ci="0" mb="0" cb="0"/><line nr="182" mi="1" ci="0" mb="0" cb="0"/><line nr="188" mi="4" ci="0" mb="0" cb="0"/><line nr="189" mi="2" ci="0" mb="0" cb="0"/><line nr="190" mi="1" ci="0" mb="0" cb="0"/><counter type="INSTRUCTION" missed="392" covered="0"/><counter type="BRANCH" missed="30" covered="0"/><counter type="LINE" missed="73" covered="0"/><counter type="COMPLEXITY" missed="19" covered="0"/><counter type="METHOD" missed="4" covered="0"/><counter type="CLASS" missed="1" covered="0"/></sourcefile><sourcefile name="WattDepotClient.java"><line nr="105" mi="0" ci="3" mb="0" cb="0"/><line nr="128" mi="0" ci="2" mb="0" cb="0"/><line nr="130" mi="0" ci="4" mb="0" cb="0"/><line nr="131" mi="0" ci="5" mb="0" cb="0"/><line nr="132" mi="0" ci="4" mb="0" cb="0"/><line nr="133" mi="0" ci="7" mb="0" cb="0"/><line nr="134" mi="0" ci="1" mb="0" cb="0"/><line nr="135" mi="0" ci="19" mb="0" cb="0"/><line nr="136" mi="0" ci="9" mb="0" cb="0"/><line nr="137" mi="0" ci="2" mb="0" cb="2"/><line nr="138" mi="0" ci="5" mb="0" cb="0"/><line nr="140" mi="0" ci="4" mb="0" cb="2"/><line nr="141" mi="0" ci="5" mb="0" cb="0"/><line nr="143" mi="0" ci="12" mb="0" cb="0"/><line nr="145" mi="0" ci="2" mb="0" cb="0"/><line nr="146" mi="0" ci="11" mb="0" cb="0"/><line nr="148" mi="0" ci="3" mb="0" cb="0"/><line nr="149" mi="0" ci="3" mb="1" cb="1"/><line nr="150" mi="4" ci="0" mb="0" cb="0"/><line nr="151" mi="8" ci="0" mb="0" cb="0"/><line nr="152" mi="6" ci="0" mb="0" cb="0"/><line nr="153" mi="5" ci="0" mb="0" cb="0"/><line nr="154" mi="1" ci="0" mb="0" cb="0"/><line nr="156" mi="0" ci="3" mb="0" cb="0"/><line nr="158" mi="0" ci="2" mb="0" cb="0"/><line nr="160" mi="0" ci="1" mb="0" cb="0"/><line nr="161" mi="0" ci="13" mb="0" cb="0"/><line nr="162" mi="0" ci="1" mb="0" cb="0"/><line nr="163" mi="0" ci="1" mb="0" cb="0"/><line nr="175" mi="0" ci="19" mb="0" cb="0"/><line nr="177" mi="0" ci="5" mb="0" cb="0"/><line nr="180" mi="0" ci="2" mb="0" cb="0"/><line nr="182" mi="0" ci="1" mb="0" cb="0"/><line nr="183" mi="0" ci="12" mb="0" cb="0"/><line nr="186" mi="0" ci="7" mb="0" cb="0"/><line nr="187" mi="0" ci="1" mb="0" cb="0"/><line nr="188" mi="0" ci="1" mb="0" cb="0"/><line nr="198" mi="0" ci="19" mb="0" cb="0"/><line nr="200" mi="0" ci="5" mb="0" cb="0"/><line nr="202" mi="0" ci="2" mb="0" cb="0"/><line nr="204" mi="0" ci="1" mb="0" cb="0"/><line nr="205" mi="0" ci="12" mb="0" cb="0"/><line nr="208" mi="0" ci="7" mb="0" cb="0"/><line nr="209" mi="0" ci="1" mb="0" cb="0"/><line nr="210" mi="0" ci="1" mb="0" cb="0"/><line nr="214" mi="0" ci="19" mb="0" cb="0"/><line nr="216" mi="0" ci="5" mb="0" cb="0"/><line nr="218" mi="0" ci="2" mb="0" cb="0"/><line nr="220" mi="0" ci="1" mb="0" cb="0"/><line nr="221" mi="0" ci="12" mb="0" cb="0"/><line nr="224" mi="0" ci="7" mb="0" cb="0"/><line nr="225" mi="0" ci="1" mb="0" cb="0"/><line nr="226" mi="0" ci="1" mb="0" cb="0"/><line nr="238" mi="0" ci="28" mb="0" cb="0"/><line nr="240" mi="0" ci="5" mb="0" cb="0"/><line nr="242" mi="0" ci="2" mb="0" cb="0"/><line nr="244" mi="0" ci="1" mb="0" cb="0"/><line nr="245" mi="0" ci="12" mb="0" cb="0"/><line nr="246" mi="0" ci="1" mb="0" cb="0"/><line nr="247" mi="0" ci="2" mb="0" cb="0"/><line nr="248" mi="0" ci="1" mb="0" cb="0"/><line nr="259" mi="0" ci="12" mb="0" cb="0"/><line nr="261" mi="0" ci="5" mb="0" cb="0"/><line nr="263" mi="0" ci="2" mb="0" cb="0"/><line nr="265" mi="0" ci="1" mb="0" cb="0"/><line nr="266" mi="0" ci="12" mb="0" cb="0"/><line nr="267" mi="0" ci="1" mb="0" cb="0"/><line nr="268" mi="0" ci="2" mb="0" cb="0"/><line nr="269" mi="0" ci="1" mb="0" cb="0"/><line nr="280" mi="0" ci="19" mb="0" cb="0"/><line nr="282" mi="0" ci="5" mb="0" cb="0"/><line nr="284" mi="0" ci="2" mb="0" cb="0"/><line nr="286" mi="0" ci="1" mb="0" cb="0"/><line nr="287" mi="0" ci="12" mb="0" cb="0"/><line nr="288" mi="0" ci="1" mb="0" cb="0"/><line nr="289" mi="0" ci="2" mb="0" cb="0"/><line nr="290" mi="0" ci="1" mb="0" cb="0"/><line nr="301" mi="0" ci="19" mb="0" cb="0"/><line nr="303" mi="0" ci="5" mb="0" cb="0"/><line nr="305" mi="0" ci="2" mb="0" cb="0"/><line nr="307" mi="0" ci="1" mb="0" cb="0"/><line nr="308" mi="0" ci="12" mb="0" cb="0"/><line nr="311" mi="0" ci="7" mb="0" cb="0"/><line nr="312" mi="0" ci="1" mb="0" cb="0"/><line nr="313" mi="0" ci="1" mb="0" cb="0"/><line nr="324" mi="0" ci="12" mb="0" cb="0"/><line nr="326" mi="0" ci="5" mb="0" cb="0"/><line nr="328" mi="0" ci="2" mb="0" cb="0"/><line nr="330" mi="0" ci="1" mb="0" cb="0"/><line nr="331" mi="0" ci="12" mb="0" cb="0"/><line nr="334" mi="0" ci="7" mb="0" cb="0"/><line nr="335" mi="0" ci="1" mb="0" cb="0"/><line nr="336" mi="0" ci="1" mb="0" cb="0"/><line nr="348" mi="0" ci="18" mb="0" cb="0"/><line nr="350" mi="0" ci="5" mb="0" cb="0"/><line nr="353" mi="0" ci="3" mb="0" cb="0"/><line nr="354" mi="0" ci="2" mb="0" cb="0"/><line nr="355" mi="0" ci="2" mb="0" cb="0"/><line nr="357" mi="0" ci="1" mb="0" cb="0"/><line nr="358" mi="0" ci="12" mb="0" cb="0"/><line nr="361" mi="0" ci="5" mb="2" cb="2"/><line nr="362" mi="0" ci="8" mb="0" cb="0"/><line nr="375" mi="0" ci="16" mb="0" cb="0"/><line nr="377" mi="0" ci="5" mb="0" cb="0"/><line nr="379" mi="0" ci="3" mb="0" cb="0"/><line nr="380" mi="0" ci="2" mb="0" cb="0"/><line nr="381" mi="0" ci="2" mb="0" cb="0"/><line nr="391" mi="0" ci="16" mb="0" cb="0"/><line nr="392" mi="0" ci="5" mb="0" cb="0"/><line nr="393" mi="0" ci="2" mb="0" cb="0"/><line nr="395" mi="0" ci="3" mb="0" cb="0"/><line nr="398" mi="5" ci="2" mb="0" cb="0"/><line nr="399" mi="0" ci="1" mb="0" cb="0"/><line nr="400" mi="0" ci="2" mb="0" cb="0"/><line nr="411" mi="0" ci="18" mb="0" cb="0"/><line nr="412" mi="0" ci="5" mb="0" cb="0"/><line nr="413" mi="0" ci="2" mb="0" cb="0"/><line nr="415" mi="0" ci="3" mb="0" cb="0"/><line nr="417" mi="0" ci="1" mb="0" cb="0"/><line nr="418" mi="0" ci="12" mb="0" cb="0"/><line nr="421" mi="0" ci="7" mb="0" cb="0"/><line nr="422" mi="0" ci="1" mb="0" cb="0"/><line nr="423" mi="0" ci="2" mb="0" cb="0"/><line nr="435" mi="0" ci="24" mb="0" cb="0"/><line nr="437" mi="0" ci="5" mb="0" cb="0"/><line nr="438" mi="0" ci="2" mb="0" cb="0"/><line nr="440" mi="0" ci="3" mb="0" cb="0"/><line nr="442" mi="1" ci="0" mb="0" cb="0"/><line nr="443" mi="12" ci="0" mb="0" cb="0"/><line nr="446" mi="5" ci="2" mb="0" cb="0"/><line nr="447" mi="0" ci="1" mb="0" cb="0"/><line nr="448" mi="0" ci="2" mb="0" cb="0"/><line nr="460" mi="0" ci="32" mb="0" cb="0"/><line nr="463" mi="0" ci="5" mb="0" cb="0"/><line nr="464" mi="0" ci="3" mb="0" cb="0"/><line nr="465" mi="0" ci="2" mb="0" cb="0"/><line nr="466" mi="0" ci="2" mb="0" cb="0"/><line nr="479" mi="0" ci="32" mb="0" cb="0"/><line nr="482" mi="0" ci="5" mb="0" cb="0"/><line nr="483" mi="0" ci="3" mb="0" cb="0"/><line nr="484" mi="0" ci="2" mb="0" cb="0"/><line nr="485" mi="0" ci="2" mb="0" cb="0"/><line nr="498" mi="0" ci="18" mb="0" cb="0"/><line nr="500" mi="0" ci="5" mb="0" cb="0"/><line nr="504" mi="0" ci="3" mb="0" cb="0"/><line nr="506" mi="0" ci="1" mb="0" cb="0"/><line nr="507" mi="0" ci="12" mb="0" cb="0"/><line nr="510" mi="0" ci="7" mb="0" cb="0"/><line nr="511" mi="0" ci="1" mb="0" cb="0"/><line nr="512" mi="0" ci="2" mb="0" cb="0"/><line nr="523" mi="0" ci="16" mb="0" cb="0"/><line nr="525" mi="0" ci="5" mb="0" cb="0"/><line nr="527" mi="0" ci="3" mb="0" cb="0"/><line nr="528" mi="0" ci="2" mb="0" cb="0"/><line nr="529" mi="0" ci="2" mb="0" cb="0"/><line nr="541" mi="0" ci="32" mb="0" cb="0"/><line nr="544" mi="0" ci="5" mb="0" cb="0"/><line nr="545" mi="0" ci="3" mb="0" cb="0"/><line nr="546" mi="0" ci="2" mb="0" cb="0"/><line nr="547" mi="0" ci="2" mb="0" cb="0"/><line nr="559" mi="0" ci="32" mb="0" cb="0"/><line nr="562" mi="0" ci="5" mb="0" cb="0"/><line nr="563" mi="0" ci="3" mb="0" cb="0"/><line nr="564" mi="0" ci="2" mb="0" cb="0"/><line nr="565" mi="0" ci="2" mb="0" cb="0"/><line nr="578" mi="0" ci="40" mb="0" cb="0"/><line nr="581" mi="0" ci="5" mb="0" cb="0"/><line nr="582" mi="0" ci="3" mb="0" cb="0"/><line nr="583" mi="0" ci="2" mb="0" cb="0"/><line nr="584" mi="0" ci="2" mb="0" cb="0"/><line nr="586" mi="1" ci="0" mb="0" cb="0"/><line nr="587" mi="2" ci="0" mb="0" cb="0"/><line nr="589" mi="2" ci="0" mb="0" cb="0"/><line nr="603" mi="0" ci="40" mb="0" cb="0"/><line nr="606" mi="0" ci="5" mb="0" cb="0"/><line nr="607" mi="0" ci="3" mb="0" cb="0"/><line nr="608" mi="0" ci="2" mb="0" cb="0"/><line nr="609" mi="0" ci="2" mb="0" cb="0"/><line nr="611" mi="1" ci="0" mb="0" cb="0"/><line nr="612" mi="2" ci="0" mb="0" cb="0"/><line nr="614" mi="2" ci="0" mb="0" cb="0"/><line nr="626" mi="0" ci="11" mb="0" cb="0"/><line nr="627" mi="0" ci="5" mb="0" cb="0"/><line nr="629" mi="0" ci="3" mb="0" cb="0"/><line nr="630" mi="0" ci="2" mb="0" cb="0"/><line nr="631" mi="0" ci="2" mb="0" cb="0"/><line nr="633" mi="0" ci="1" mb="0" cb="0"/><line nr="634" mi="0" ci="12" mb="0" cb="0"/><line nr="637" mi="0" ci="5" mb="2" cb="2"/><line nr="638" mi="0" ci="8" mb="0" cb="0"/><line nr="650" mi="0" ci="4" mb="0" cb="0"/><line nr="651" mi="0" ci="5" mb="0" cb="0"/><line nr="652" mi="0" ci="3" mb="0" cb="0"/><line nr="653" mi="0" ci="2" mb="0" cb="0"/><line nr="654" mi="0" ci="2" mb="0" cb="0"/><line nr="661" mi="0" ci="3" mb="0" cb="0"/><line nr="671" mi="0" ci="18" mb="0" cb="0"/><line nr="672" mi="0" ci="5" mb="0" cb="0"/><line nr="674" mi="0" ci="3" mb="0" cb="0"/><line nr="675" mi="0" ci="2" mb="0" cb="0"/><line nr="676" mi="0" ci="2" mb="0" cb="0"/><line nr="678" mi="0" ci="1" mb="0" cb="0"/><line nr="679" mi="0" ci="12" mb="0" cb="0"/><line nr="682" mi="0" ci="5" mb="2" cb="2"/><line nr="683" mi="0" ci="8" mb="0" cb="0"/><line nr="696" mi="0" ci="18" mb="0" cb="0"/><line nr="697" mi="0" ci="5" mb="0" cb="0"/><line nr="699" mi="0" ci="3" mb="0" cb="0"/><line nr="700" mi="0" ci="2" mb="0" cb="0"/><line nr="701" mi="0" ci="2" mb="0" cb="0"/><line nr="703" mi="0" ci="1" mb="0" cb="0"/><line nr="704" mi="0" ci="12" mb="0" cb="0"/><line nr="707" mi="0" ci="5" mb="2" cb="2"/><line nr="708" mi="0" ci="8" mb="0" cb="0"/><line nr="720" mi="0" ci="16" mb="0" cb="0"/><line nr="721" mi="0" ci="5" mb="0" cb="0"/><line nr="722" mi="0" ci="3" mb="0" cb="0"/><line nr="723" mi="0" ci="2" mb="0" cb="0"/><line nr="724" mi="0" ci="2" mb="0" cb="0"/><line nr="736" mi="0" ci="11" mb="0" cb="0"/><line nr="737" mi="0" ci="5" mb="0" cb="0"/><line nr="739" mi="0" ci="3" mb="0" cb="0"/><line nr="740" mi="0" ci="2" mb="0" cb="0"/><line nr="741" mi="0" ci="2" mb="0" cb="0"/><line nr="743" mi="0" ci="1" mb="0" cb="0"/><line nr="744" mi="0" ci="12" mb="0" cb="0"/><line nr="747" mi="0" ci="5" mb="2" cb="2"/><line nr="748" mi="0" ci="8" mb="0" cb="0"/><line nr="760" mi="0" ci="4" mb="0" cb="0"/><line nr="761" mi="0" ci="5" mb="0" cb="0"/><line nr="762" mi="0" ci="3" mb="0" cb="0"/><line nr="763" mi="0" ci="2" mb="0" cb="0"/><line nr="764" mi="0" ci="2" mb="0" cb="0"/><line nr="774" mi="0" ci="16" mb="0" cb="0"/><line nr="775" mi="0" ci="5" mb="0" cb="0"/><line nr="776" mi="0" ci="3" mb="0" cb="0"/><line nr="777" mi="0" ci="2" mb="0" cb="0"/><line nr="778" mi="0" ci="2" mb="0" cb="0"/><line nr="791" mi="0" ci="2" mb="0" cb="0"/><line nr="793" mi="0" ci="35" mb="0" cb="0"/><line nr="796" mi="0" ci="5" mb="0" cb="0"/><line nr="797" mi="0" ci="3" mb="0" cb="0"/><line nr="798" mi="0" ci="2" mb="0" cb="0"/><line nr="799" mi="0" ci="2" mb="1" cb="1"/><line nr="800" mi="0" ci="3" mb="0" cb="0"/><line nr="803" mi="1" ci="0" mb="0" cb="0"/><line nr="804" mi="6" ci="0" mb="0" cb="0"/><line nr="807" mi="5" ci="2" mb="5" cb="1"/><line nr="808" mi="7" ci="4" mb="0" cb="0"/><line nr="811" mi="2" ci="0" mb="0" cb="0"/><line nr="825" mi="0" ci="2" mb="0" cb="0"/><line nr="827" mi="0" ci="40" mb="0" cb="0"/><line nr="830" mi="0" ci="5" mb="0" cb="0"/><line nr="831" mi="0" ci="3" mb="0" cb="0"/><line nr="832" mi="0" ci="2" mb="0" cb="0"/><line nr="833" mi="0" ci="3" mb="0" cb="0"/><line nr="835" mi="1" ci="0" mb="0" cb="0"/><line nr="836" mi="2" ci="0" mb="0" cb="0"/><line nr="839" mi="5" ci="2" mb="5" cb="1"/><line nr="840" mi="7" ci="4" mb="0" cb="0"/><line nr="843" mi="2" ci="0" mb="0" cb="0"/><line nr="857" mi="0" ci="2" mb="0" cb="0"/><line nr="859" mi="0" ci="44" mb="0" cb="0"/><line nr="863" mi="0" ci="5" mb="0" cb="0"/><line nr="864" mi="0" ci="3" mb="0" cb="0"/><line nr="865" mi="0" ci="2" mb="0" cb="0"/><line nr="866" mi="0" ci="3" mb="0" cb="0"/><line nr="868" mi="1" ci="0" mb="0" cb="0"/><line nr="869" mi="2" ci="0" mb="0" cb="0"/><line nr="872" mi="5" ci="2" mb="5" cb="1"/><line nr="873" mi="7" ci="4" mb="0" cb="0"/><line nr="876" mi="2" ci="0" mb="0" cb="0"/><line nr="890" mi="0" ci="2" mb="0" cb="0"/><line nr="892" mi="0" ci="39" mb="0" cb="0"/><line nr="895" mi="0" ci="5" mb="0" cb="0"/><line nr="896" mi="0" ci="3" mb="0" cb="0"/><line nr="897" mi="0" ci="2" mb="0" cb="0"/><line nr="898" mi="0" ci="3" mb="0" cb="0"/><line nr="900" mi="1" ci="0" mb="0" cb="0"/><line nr="901" mi="2" ci="0" mb="0" cb="0"/><line nr="904" mi="5" ci="2" mb="5" cb="1"/><line nr="905" mi="7" ci="4" mb="0" cb="0"/><line nr="908" mi="2" ci="0" mb="0" cb="0"/><line nr="921" mi="0" ci="2" mb="0" cb="0"/><line nr="923" mi="0" ci="35" mb="0" cb="0"/><line nr="926" mi="0" ci="5" mb="0" cb="0"/><line nr="927" mi="0" ci="3" mb="0" cb="0"/><line nr="928" mi="0" ci="2" mb="0" cb="0"/><line nr="929" mi="0" ci="2" mb="1" cb="1"/><line nr="930" mi="0" ci="3" mb="0" cb="0"/><line nr="933" mi="1" ci="0" mb="0" cb="0"/><line nr="934" mi="6" ci="0" mb="0" cb="0"/><line nr="936" mi="1" ci="0" mb="0" cb="0"/><line nr="937" mi="6" ci="0" mb="0" cb="0"/><line nr="940" mi="5" ci="2" mb="5" cb="1"/><line nr="941" mi="7" ci="4" mb="0" cb="0"/><line nr="944" mi="2" ci="0" mb="0" cb="0"/><line nr="957" mi="0" ci="2" mb="0" cb="0"/><line nr="959" mi="0" ci="40" mb="0" cb="0"/><line nr="962" mi="0" ci="5" mb="0" cb="0"/><line nr="963" mi="0" ci="3" mb="0" cb="0"/><line nr="964" mi="0" ci="2" mb="0" cb="0"/><line nr="965" mi="0" ci="3" mb="0" cb="0"/><line nr="967" mi="1" ci="0" mb="0" cb="0"/><line nr="968" mi="6" ci="0" mb="0" cb="0"/><line nr="970" mi="1" ci="0" mb="0" cb="0"/><line nr="971" mi="2" ci="0" mb="0" cb="0"/><line nr="974" mi="5" ci="2" mb="5" cb="1"/><line nr="975" mi="7" ci="4" mb="0" cb="0"/><line nr="978" mi="2" ci="0" mb="0" cb="0"/><line nr="991" mi="0" ci="2" mb="0" cb="0"/><line nr="993" mi="0" ci="44" mb="0" cb="0"/><line nr="997" mi="0" ci="5" mb="0" cb="0"/><line nr="998" mi="0" ci="3" mb="0" cb="0"/><line nr="999" mi="0" ci="2" mb="0" cb="0"/><line nr="1000" mi="0" ci="3" mb="0" cb="0"/><line nr="1002" mi="1" ci="0" mb="0" cb="0"/><line nr="1003" mi="6" ci="0" mb="0" cb="0"/><line nr="1005" mi="1" ci="0" mb="0" cb="0"/><line nr="1006" mi="2" ci="0" mb="0" cb="0"/><line nr="1009" mi="5" ci="2" mb="5" cb="1"/><line nr="1010" mi="7" ci="4" mb="0" cb="0"/><line nr="1013" mi="2" ci="0" mb="0" cb="0"/><line nr="1026" mi="0" ci="2" mb="0" cb="0"/><line nr="1028" mi="39" ci="0" mb="0" cb="0"/><line nr="1031" mi="5" ci="0" mb="0" cb="0"/><line nr="1032" mi="3" ci="0" mb="0" cb="0"/><line nr="1033" mi="2" ci="0" mb="0" cb="0"/><line nr="1034" mi="3" ci="0" mb="0" cb="0"/><line nr="1036" mi="0" ci="1" mb="0" cb="0"/><line nr="1037" mi="0" ci="6" mb="0" cb="0"/><line nr="1039" mi="1" ci="0" mb="0" cb="0"/><line nr="1040" mi="2" ci="0" mb="0" cb="0"/><line nr="1043" mi="4" ci="3" mb="5" cb="1"/><line nr="1044" mi="7" ci="4" mb="0" cb="0"/><line nr="1047" mi="2" ci="0" mb="0" cb="0"/><line nr="1059" mi="0" ci="2" mb="0" cb="0"/><line nr="1061" mi="0" ci="4" mb="0" cb="0"/><line nr="1062" mi="0" ci="5" mb="0" cb="0"/><line nr="1063" mi="0" ci="4" mb="0" cb="0"/><line nr="1064" mi="0" ci="4" mb="0" cb="0"/><line nr="1065" mi="0" ci="4" mb="0" cb="0"/><line nr="1066" mi="0" ci="5" mb="0" cb="0"/><line nr="1067" mi="0" ci="4" mb="0" cb="0"/><line nr="1068" mi="0" ci="4" mb="0" cb="0"/><line nr="1069" mi="0" ci="4" mb="0" cb="0"/><line nr="1070" mi="0" ci="4" mb="0" cb="0"/><line nr="1071" mi="0" ci="4" mb="0" cb="0"/><line nr="1072" mi="0" ci="5" mb="0" cb="0"/><line nr="1073" mi="0" ci="4" mb="0" cb="0"/><line nr="1074" mi="0" ci="4" mb="0" cb="0"/><line nr="1075" mi="0" ci="4" mb="0" cb="0"/><line nr="1076" mi="0" ci="5" mb="0" cb="0"/><line nr="1077" mi="0" ci="4" mb="0" cb="0"/><line nr="1078" mi="0" ci="4" mb="0" cb="0"/><line nr="1079" mi="0" ci="4" mb="0" cb="0"/><line nr="1080" mi="0" ci="5" mb="0" cb="0"/><line nr="1081" mi="0" ci="4" mb="0" cb="0"/><line nr="1082" mi="0" ci="4" mb="0" cb="0"/><line nr="1083" mi="0" ci="4" mb="0" cb="0"/><line nr="1084" mi="0" ci="4" mb="0" cb="0"/><line nr="1085" mi="0" ci="4" mb="0" cb="0"/><line nr="1086" mi="0" ci="4" mb="0" cb="0"/><line nr="1087" mi="0" ci="4" mb="0" cb="0"/><line nr="1088" mi="0" ci="3" mb="0" cb="2"/><line nr="1089" mi="0" ci="5" mb="0" cb="0"/><line nr="1092" mi="0" ci="4" mb="0" cb="0"/><line nr="1094" mi="0" ci="5" mb="0" cb="0"/><line nr="1095" mi="0" ci="5" mb="0" cb="0"/><line nr="1096" mi="0" ci="3" mb="0" cb="0"/><line nr="1097" mi="0" ci="2" mb="0" cb="0"/><line nr="1098" mi="0" ci="2" mb="0" cb="0"/><line nr="1100" mi="1" ci="0" mb="0" cb="0"/><line nr="1101" mi="2" ci="0" mb="0" cb="0"/><line nr="1104" mi="5" ci="2" mb="5" cb="1"/><line nr="1105" mi="7" ci="4" mb="0" cb="0"/><line nr="1108" mi="2" ci="0" mb="0" cb="0"/><line nr="1120" mi="2" ci="0" mb="0" cb="0"/><line nr="1122" mi="4" ci="0" mb="0" cb="0"/><line nr="1123" mi="5" ci="0" mb="0" cb="0"/><line nr="1124" mi="4" ci="0" mb="0" cb="0"/><line nr="1125" mi="4" ci="0" mb="0" cb="0"/><line nr="1126" mi="4" ci="0" mb="0" cb="0"/><line nr="1127" mi="5" ci="0" mb="0" cb="0"/><line nr="1128" mi="4" ci="0" mb="0" cb="0"/><line nr="1129" mi="4" ci="0" mb="0" cb="0"/><line nr="1130" mi="4" ci="0" mb="0" cb="0"/><line nr="1131" mi="4" ci="0" mb="0" cb="0"/><line nr="1132" mi="4" ci="0" mb="0" cb="0"/><line nr="1133" mi="5" ci="0" mb="0" cb="0"/><line nr="1134" mi="4" ci="0" mb="0" cb="0"/><line nr="1135" mi="4" ci="0" mb="0" cb="0"/><line nr="1136" mi="4" ci="0" mb="0" cb="0"/><line nr="1137" mi="5" ci="0" mb="0" cb="0"/><line nr="1138" mi="4" ci="0" mb="0" cb="0"/><line nr="1139" mi="4" ci="0" mb="0" cb="0"/><line nr="1140" mi="4" ci="0" mb="0" cb="0"/><line nr="1141" mi="5" ci="0" mb="0" cb="0"/><line nr="1142" mi="4" ci="0" mb="0" cb="0"/><line nr="1143" mi="4" ci="0" mb="0" cb="0"/><line nr="1144" mi="4" ci="0" mb="0" cb="0"/><line nr="1145" mi="4" ci="0" mb="0" cb="0"/><line nr="1146" mi="4" ci="0" mb="0" cb="0"/><line nr="1147" mi="4" ci="0" mb="0" cb="0"/><line nr="1148" mi="4" ci="0" mb="0" cb="0"/><line nr="1149" mi="3" ci="0" mb="2" cb="0"/><line nr="1150" mi="5" ci="0" mb="0" cb="0"/><line nr="1153" mi="4" ci="0" mb="0" cb="0"/><line nr="1155" mi="5" ci="0" mb="0" cb="0"/><line nr="1156" mi="5" ci="0" mb="0" cb="0"/><line nr="1157" mi="3" ci="0" mb="0" cb="0"/><line nr="1158" mi="2" ci="0" mb="0" cb="0"/><line nr="1159" mi="2" ci="0" mb="0" cb="0"/><line nr="1161" mi="1" ci="0" mb="0" cb="0"/><line nr="1162" mi="2" ci="0" mb="0" cb="0"/><line nr="1165" mi="7" ci="0" mb="6" cb="0"/><line nr="1166" mi="11" ci="0" mb="0" cb="0"/><line nr="1169" mi="2" ci="0" mb="0" cb="0"/><line nr="1176" mi="0" ci="3" mb="0" cb="0"/><line nr="1189" mi="0" ci="4" mb="0" cb="0"/><line nr="1190" mi="0" ci="2" mb="0" cb="0"/><line nr="1192" mi="1" ci="0" mb="0" cb="0"/><line nr="1193" mi="2" ci="0" mb="0" cb="0"/><line nr="1207" mi="0" ci="4" mb="0" cb="0"/><line nr="1208" mi="0" ci="2" mb="0" cb="0"/><line nr="1210" mi="1" ci="0" mb="0" cb="0"/><line nr="1211" mi="2" ci="0" mb="0" cb="0"/><line nr="1225" mi="0" ci="4" mb="0" cb="0"/><line nr="1226" mi="0" ci="2" mb="0" cb="0"/><line nr="1228" mi="1" ci="0" mb="0" cb="0"/><line nr="1229" mi="2" ci="0" mb="0" cb="0"/><line nr="1243" mi="0" ci="4" mb="0" cb="0"/><line nr="1244" mi="0" ci="2" mb="0" cb="0"/><line nr="1246" mi="1" ci="0" mb="0" cb="0"/><line nr="1247" mi="2" ci="0" mb="0" cb="0"/><line nr="1260" mi="0" ci="4" mb="0" cb="0"/><line nr="1261" mi="0" ci="2" mb="0" cb="0"/><line nr="1263" mi="1" ci="0" mb="0" cb="0"/><line nr="1264" mi="2" ci="0" mb="0" cb="0"/><line nr="1278" mi="0" ci="4" mb="0" cb="0"/><line nr="1279" mi="0" ci="2" mb="0" cb="0"/><line nr="1281" mi="1" ci="0" mb="0" cb="0"/><line nr="1282" mi="2" ci="0" mb="0" cb="0"/><line nr="1296" mi="0" ci="4" mb="0" cb="0"/><line nr="1297" mi="0" ci="2" mb="0" cb="0"/><line nr="1299" mi="1" ci="0" mb="0" cb="0"/><line nr="1300" mi="2" ci="0" mb="0" cb="0"/><line nr="1311" mi="0" ci="4" mb="0" cb="0"/><line nr="1312" mi="0" ci="3" mb="0" cb="0"/><line nr="1313" mi="0" ci="4" mb="0" cb="0"/><line nr="1314" mi="0" ci="2" mb="0" cb="0"/><line nr="1315" mi="0" ci="2" mb="0" cb="0"/><line nr="1327" mi="0" ci="12" mb="0" cb="0"/><line nr="1328" mi="0" ci="13" mb="0" cb="0"/><line nr="1329" mi="0" ci="5" mb="0" cb="0"/><line nr="1330" mi="0" ci="4" mb="0" cb="0"/><line nr="1331" mi="0" ci="2" mb="0" cb="0"/><line nr="1343" mi="0" ci="16" mb="0" cb="0"/><line nr="1345" mi="0" ci="5" mb="0" cb="0"/><line nr="1348" mi="0" ci="3" mb="0" cb="0"/><line nr="1351" mi="5" ci="2" mb="0" cb="0"/><line nr="1352" mi="0" ci="1" mb="0" cb="0"/><line nr="1353" mi="0" ci="1" mb="0" cb="0"/><line nr="1364" mi="0" ci="16" mb="0" cb="0"/><line nr="1365" mi="0" ci="5" mb="0" cb="0"/><line nr="1367" mi="0" ci="3" mb="0" cb="0"/><line nr="1370" mi="0" ci="7" mb="0" cb="0"/><line nr="1371" mi="0" ci="1" mb="0" cb="0"/><line nr="1372" mi="0" ci="1" mb="0" cb="0"/><line nr="1383" mi="0" ci="14" mb="0" cb="0"/><line nr="1385" mi="0" ci="4" mb="0" cb="0"/><line nr="1386" mi="0" ci="5" mb="0" cb="0"/><line nr="1389" mi="0" ci="3" mb="0" cb="0"/><line nr="1392" mi="0" ci="7" mb="0" cb="0"/><line nr="1393" mi="0" ci="1" mb="0" cb="0"/><line nr="1394" mi="0" ci="1" mb="0" cb="0"/><line nr="1405" mi="0" ci="7" mb="0" cb="2"/><line nr="1406" mi="0" ci="23" mb="0" cb="0"/><line nr="1409" mi="0" ci="25" mb="0" cb="0"/><line nr="1411" mi="0" ci="5" mb="0" cb="0"/><line nr="1413" mi="0" ci="3" mb="0" cb="0"/><line nr="1416" mi="5" ci="2" mb="0" cb="0"/><line nr="1417" mi="0" ci="1" mb="0" cb="0"/><line nr="1418" mi="0" ci="1" mb="0" cb="0"/><line nr="1429" mi="0" ci="3" mb="0" cb="0"/><line nr="1431" mi="0" ci="4" mb="1" cb="1"/><line nr="1434" mi="0" ci="10" mb="0" cb="2"/><line nr="1435" mi="0" ci="7" mb="1" cb="1"/><line nr="1436" mi="23" ci="0" mb="0" cb="0"/><line nr="1439" mi="0" ci="1" mb="0" cb="0"/><line nr="1440" mi="0" ci="29" mb="0" cb="0"/><line nr="1442" mi="0" ci="5" mb="0" cb="0"/><line nr="1444" mi="0" ci="3" mb="0" cb="0"/><line nr="1447" mi="0" ci="7" mb="0" cb="0"/><line nr="1448" mi="0" ci="1" mb="0" cb="0"/><line nr="1449" mi="0" ci="1" mb="0" cb="0"/><line nr="1451" mi="17" ci="0" mb="0" cb="0"/><line nr="1454" mi="0" ci="1" mb="0" cb="0"/><line nr="1465" mi="0" ci="4" mb="0" cb="0"/><line nr="1466" mi="0" ci="5" mb="0" cb="0"/><line nr="1468" mi="0" ci="3" mb="0" cb="0"/><line nr="1471" mi="0" ci="7" mb="0" cb="0"/><line nr="1472" mi="0" ci="1" mb="0" cb="0"/><line nr="1473" mi="0" ci="1" mb="0" cb="0"/><line nr="1484" mi="0" ci="16" mb="0" cb="0"/><line nr="1485" mi="0" ci="5" mb="0" cb="0"/><line nr="1487" mi="0" ci="3" mb="0" cb="0"/><line nr="1490" mi="5" ci="2" mb="0" cb="0"/><line nr="1491" mi="0" ci="1" mb="0" cb="0"/><line nr="1492" mi="0" ci="1" mb="0" cb="0"/><line nr="1502" mi="0" ci="16" mb="0" cb="0"/><line nr="1503" mi="0" ci="5" mb="0" cb="0"/><line nr="1505" mi="0" ci="3" mb="0" cb="0"/><line nr="1508" mi="0" ci="7" mb="0" cb="0"/><line nr="1509" mi="0" ci="1" mb="0" cb="0"/><line nr="1510" mi="0" ci="1" mb="0" cb="0"/><line nr="1520" mi="0" ci="4" mb="0" cb="0"/><line nr="1521" mi="0" ci="5" mb="0" cb="0"/><line nr="1523" mi="0" ci="3" mb="0" cb="0"/><line nr="1526" mi="5" ci="2" mb="0" cb="0"/><line nr="1527" mi="0" ci="1" mb="0" cb="0"/><line nr="1528" mi="0" ci="1" mb="0" cb="0"/><line nr="1539" mi="0" ci="19" mb="0" cb="0"/><line nr="1541" mi="0" ci="5" mb="0" cb="0"/><line nr="1544" mi="3" ci="0" mb="0" cb="0"/><line nr="1547" mi="2" ci="5" mb="0" cb="0"/><line nr="1548" mi="1" ci="0" mb="0" cb="0"/><line nr="1549" mi="1" ci="0" mb="0" cb="0"/><line nr="1559" mi="0" ci="5" mb="0" cb="0"/><line nr="1571" mi="0" ci="19" mb="0" cb="0"/><line nr="1573" mi="0" ci="5" mb="0" cb="0"/><line nr="1576" mi="3" ci="0" mb="0" cb="0"/><line nr="1579" mi="2" ci="5" mb="0" cb="0"/><line nr="1580" mi="1" ci="0" mb="0" cb="0"/><line nr="1581" mi="1" ci="0" mb="0" cb="0"/><line nr="1592" mi="0" ci="12" mb="0" cb="0"/><line nr="1594" mi="0" ci="5" mb="0" cb="0"/><line nr="1596" mi="0" ci="3" mb="0" cb="0"/><line nr="1599" mi="0" ci="7" mb="0" cb="0"/><line nr="1600" mi="0" ci="1" mb="0" cb="0"/><line nr="1601" mi="0" ci="1" mb="0" cb="0"/><line nr="1612" mi="0" ci="19" mb="0" cb="0"/><line nr="1614" mi="0" ci="5" mb="0" cb="0"/><line nr="1616" mi="0" ci="3" mb="0" cb="0"/><line nr="1619" mi="5" ci="2" mb="0" cb="0"/><line nr="1620" mi="0" ci="1" mb="0" cb="0"/><line nr="1621" mi="0" ci="1" mb="0" cb="0"/><line nr="1632" mi="0" ci="19" mb="0" cb="0"/><line nr="1634" mi="0" ci="5" mb="0" cb="0"/><line nr="1636" mi="0" ci="3" mb="0" cb="0"/><line nr="1639" mi="5" ci="2" mb="0" cb="0"/><line nr="1640" mi="0" ci="1" mb="0" cb="0"/><line nr="1641" mi="0" ci="1" mb="0" cb="0"/><line nr="1652" mi="0" ci="12" mb="0" cb="0"/><line nr="1654" mi="0" ci="5" mb="0" cb="0"/><line nr="1656" mi="0" ci="3" mb="0" cb="0"/><line nr="1659" mi="5" ci="2" mb="0" cb="0"/><line nr="1660" mi="0" ci="1" mb="0" cb="0"/><line nr="1661" mi="0" ci="1" mb="0" cb="0"/><counter type="INSTRUCTION" missed="567" covered="2550"/><counter type="BRANCH" missed="68" covered="34"/><counter type="LINE" missed="114" covered="445"/><counter type="COMPLEXITY" missed="47" covered="71"/><counter type="METHOD" missed="1" covered="66"/><counter type="CLASS" missed="0" covered="1"/></sourcefile><counter type="INSTRUCTION" missed="1109" covered="2884"/><counter type="BRANCH" missed="99" covered="35"/><counter type="LINE" missed="207" covered="526"/><counter type="COMPLEXITY" missed="69" covered="84"/><counter type="METHOD" missed="7" covered="79"/><counter type="CLASS" missed="1" covered="2"/></package><package name="org/wattdepot/server/depository/impl/hibernate"><class name="org/wattdepot/server/depository/impl/hibernate/SensorImpl"><method name="&lt;init&gt;" desc="()V" line="69"><counter type="INSTRUCTION" missed="0" covered="3"/><counter type="LINE" missed="0" covered="2"/><counter type="COMPLEXITY" missed="0" covered="1"/><counter type="METHOD" missed="0" covered="1"/></method><method name="&lt;init&gt;" desc="(Ljava/lang/String;Ljava/lang/String;Ljava/lang/String;Lorg/wattdepot/server/depository/impl/hibernate/SensorModelImpl;Ljava/util/Set;Lorg/wattdepot/server/depository/impl/hibernate/OrganizationImpl;)V" line="81"><counter type="INSTRUCTION" missed="0" covered="21"/><counter type="LINE" missed="0" covered="8"/><counter type="COMPLEXITY" missed="0" covered="1"/><counter type="METHOD" missed="0" covered="1"/></method><method name="getPk" desc="()Ljava/lang/Long;" line="94"><counter type="INSTRUCTION" missed="0" covered="3"/><counter type="LINE" missed="0" covered="1"/><counter type="COMPLEXITY" missed="0" covered="1"/><counter type="METHOD" missed="0" covered="1"/></method><method name="setPk" desc="(Ljava/lang/Long;)V" line="102"><counter type="INSTRUCTION" missed="4" covered="0"/><counter type="LINE" missed="2" covered="0"/><counter type="COMPLEXITY" missed="1" covered="0"/><counter type="METHOD" missed="1" covered="0"/></method><method name="getId" desc="()Ljava/lang/String;" line="109"><counter type="INSTRUCTION" missed="0" covered="3"/><counter type="LINE" missed="0" covered="1"/><counter type="COMPLEXITY" missed="0" covered="1"/><counter type="METHOD" missed="0" covered="1"/></method><method name="setId" desc="(Ljava/lang/String;)V" line="116"><counter type="INSTRUCTION" missed="0" covered="4"/><counter type="LINE" missed="0" covered="2"/><counter type="COMPLEXITY" missed="0" covered="1"/><counter type="METHOD" missed="0" covered="1"/></method><method name="getName" desc="()Ljava/lang/String;" line="123"><counter type="INSTRUCTION" missed="0" covered="3"/><counter type="LINE" missed="0" covered="1"/><counter type="COMPLEXITY" missed="0" covered="1"/><counter type="METHOD" missed="0" covered="1"/></method><method name="setName" desc="(Ljava/lang/String;)V" line="130"><counter type="INSTRUCTION" missed="0" covered="4"/><counter type="LINE" missed="0" covered="2"/><counter type="COMPLEXITY" missed="0" covered="1"/><counter type="METHOD" missed="0" covered="1"/></method><method name="getUri" desc="()Ljava/lang/String;" line="137"><counter type="INSTRUCTION" missed="0" covered="3"/><counter type="LINE" missed="0" covered="1"/><counter type="COMPLEXITY" missed="0" covered="1"/><counter type="METHOD" missed="0" covered="1"/></method><method name="setUri" desc="(Ljava/lang/String;)V" line="144"><counter type="INSTRUCTION" missed="0" covered="4"/><counter type="LINE" missed="0" covered="2"/><counter type="COMPLEXITY" missed="0" covered="1"/><counter type="METHOD" missed="0" covered="1"/></method><method name="getModel" desc="()Lorg/wattdepot/server/depository/impl/hibernate/SensorModelImpl;" line="151"><counter type="INSTRUCTION" missed="3" covered="0"/><counter type="LINE" missed="1" covered="0"/><counter type="COMPLEXITY" missed="1" covered="0"/><counter type="METHOD" missed="1" covered="0"/></method><method name="setModel" desc="(Lorg/wattdepot/server/depository/impl/hibernate/SensorModelImpl;)V" line="158"><counter type="INSTRUCTION" missed="0" covered="4"/><counter type="LINE" missed="0" covered="2"/><counter type="COMPLEXITY" missed="0" covered="1"/><counter type="METHOD" missed="0" covered="1"/></method><method name="getProperties" desc="()Ljava/util/Set;" line="165"><counter type="INSTRUCTION" missed="0" covered="3"/><counter type="LINE" missed="0" covered="1"/><counter type="COMPLEXITY" missed="0" covered="1"/><counter type="METHOD" missed="0" covered="1"/></method><method name="setProperties" desc="(Ljava/util/Set;)V" line="172"><counter type="INSTRUCTION" missed="0" covered="4"/><counter type="LINE" missed="0" covered="2"/><counter type="COMPLEXITY" missed="0" covered="1"/><counter type="METHOD" missed="0" covered="1"/></method><method name="getOrg" desc="()Lorg/wattdepot/server/depository/impl/hibernate/OrganizationImpl;" line="179"><counter type="INSTRUCTION" missed="3" covered="0"/><counter type="LINE" missed="1" covered="0"/><counter type="COMPLEXITY" missed="1" covered="0"/><counter type="METHOD" missed="1" covered="0"/></method><method name="setOrg" desc="(Lorg/wattdepot/server/depository/impl/hibernate/OrganizationImpl;)V" line="186"><counter type="INSTRUCTION" missed="0" covered="4"/><counter type="LINE" missed="0" covered="2"/><counter type="COMPLEXITY" missed="0" covered="1"/><counter type="METHOD" missed="0" covered="1"/></method><method name="hashCode" desc="()I" line="196"><counter type="INSTRUCTION" missed="14" covered="83"/><counter type="BRANCH" missed="7" covered="7"/><counter type="LINE" missed="0" covered="10"/><counter type="COMPLEXITY" missed="7" covered="1"/><counter type="METHOD" missed="0" covered="1"/></method><method name="equals" desc="(Ljava/lang/Object;)Z" line="215"><counter type="INSTRUCTION" missed="133" covered="0"/><counter type="BRANCH" missed="48" covered="0"/><counter type="LINE" missed="43" covered="0"/><counter type="COMPLEXITY" missed="25" covered="0"/><counter type="METHOD" missed="1" covered="0"/></method><method name="toSensor" desc="()Lorg/wattdepot/common/domainmodel/Sensor;" line="288"><counter type="INSTRUCTION" missed="15" covered="30"/><counter type="BRANCH" missed="1" covered="1"/><counter type="LINE" missed="2" covered="4"/><counter type="COMPLEXITY" missed="1" covered="1"/><counter type="METHOD" missed="0" covered="1"/></method><method name="toString" desc="()Ljava/lang/String;" line="303"><counter type="INSTRUCTION" missed="0" covered="42"/><counter type="LINE" missed="0" covered="1"/><counter type="COMPLEXITY" missed="0" covered="1"/><counter type="METHOD" missed="0" covered="1"/></method><counter type="INSTRUCTION" missed="172" covered="218"/><counter type="BRANCH" missed="56" covered="8"/><counter type="LINE" missed="49" covered="42"/><counter type="COMPLEXITY" missed="36" covered="16"/><counter type="METHOD" missed="4" covered="16"/><counter type="CLASS" missed="0" covered="1"/></class><class name="org/wattdepot/server/depository/impl/hibernate/PropertyImpl"><method name="&lt;init&gt;" desc="()V" line="50"><counter type="INSTRUCTION" missed="0" covered="3"/><counter type="LINE" missed="0" covered="2"/><counter type="COMPLEXITY" missed="0" covered="1"/><counter type="METHOD" missed="0" covered="1"/></method><method name="&lt;init&gt;" desc="(Ljava/lang/String;Ljava/lang/String;)V" line="58"><counter type="INSTRUCTION" missed="0" covered="9"/><counter type="LINE" missed="0" covered="4"/><counter type="COMPLEXITY" missed="0" covered="1"/><counter type="METHOD" missed="0" covered="1"/></method><method name="&lt;init&gt;" desc="(Lorg/wattdepot/common/domainmodel/Property;)V" line="69"><counter type="INSTRUCTION" missed="0" covered="7"/><counter type="LINE" missed="0" covered="2"/><counter type="COMPLEXITY" missed="0" covered="1"/><counter type="METHOD" missed="0" covered="1"/></method><method name="equals" desc="(Ljava/lang/Object;)Z" line="79"><counter type="INSTRUCTION" missed="10" covered="59"/><counter type="BRANCH" missed="6" covered="18"/><counter type="LINE" missed="3" covered="20"/><counter type="COMPLEXITY" missed="5" covered="8"/><counter type="METHOD" missed="0" covered="1"/></method><method name="getKey" desc="()Ljava/lang/String;" line="120"><counter type="INSTRUCTION" missed="0" covered="3"/><counter type="LINE" missed="0" covered="1"/><counter type="COMPLEXITY" missed="0" covered="1"/><counter type="METHOD" missed="0" covered="1"/></method><method name="getPk" desc="()Ljava/lang/Long;" line="127"><counter type="INSTRUCTION" missed="0" covered="3"/><counter type="LINE" missed="0" covered="1"/><counter type="COMPLEXITY" missed="0" covered="1"/><counter type="METHOD" missed="0" covered="1"/></method><method name="getValue" desc="()Ljava/lang/String;" line="134"><counter type="INSTRUCTION" missed="0" covered="3"/><counter type="LINE" missed="0" covered="1"/><counter type="COMPLEXITY" missed="0" covered="1"/><counter type="METHOD" missed="0" covered="1"/></method><method name="hashCode" desc="()I" line="144"><counter type="INSTRUCTION" missed="0" covered="45"/><counter type="BRANCH" missed="0" covered="6"/><counter type="LINE" missed="0" covered="6"/><counter type="COMPLEXITY" missed="0" covered="4"/><counter type="METHOD" missed="0" covered="1"/></method><method name="setKey" desc="(Ljava/lang/String;)V" line="156"><counter type="INSTRUCTION" missed="0" covered="4"/><counter type="LINE" missed="0" covered="2"/><counter type="COMPLEXITY" missed="0" covered="1"/><counter type="METHOD" missed="0" covered="1"/></method><method name="setPk" desc="(Ljava/lang/Long;)V" line="164"><counter type="INSTRUCTION" missed="4" covered="0"/><counter type="LINE" missed="2" covered="0"/><counter type="COMPLEXITY" missed="1" covered="0"/><counter type="METHOD" missed="1" covered="0"/></method><method name="setValue" desc="(Ljava/lang/String;)V" line="171"><counter type="INSTRUCTION" missed="0" covered="4"/><counter type="LINE" missed="0" covered="2"/><counter type="COMPLEXITY" missed="0" covered="1"/><counter type="METHOD" missed="0" covered="1"/></method><method name="toProperty" desc="()Lorg/wattdepot/common/domainmodel/Property;" line="178"><counter type="INSTRUCTION" missed="0" covered="10"/><counter type="LINE" missed="0" covered="2"/><counter type="COMPLEXITY" missed="0" covered="1"/><counter type="METHOD" missed="0" covered="1"/></method><method name="toString" desc="()Ljava/lang/String;" line="188"><counter type="INSTRUCTION" missed="0" covered="22"/><counter type="LINE" missed="0" covered="1"/><counter type="COMPLEXITY" missed="0" covered="1"/><counter type="METHOD" missed="0" covered="1"/></method><counter type="INSTRUCTION" missed="14" covered="172"/><counter type="BRANCH" missed="6" covered="24"/><counter type="LINE" missed="5" covered="44"/><counter type="COMPLEXITY" missed="6" covered="22"/><counter type="METHOD" missed="1" covered="12"/><counter type="CLASS" missed="0" covered="1"/></class><class name="org/wattdepot/server/depository/impl/hibernate/MeasurementTypeImpl"><method name="&lt;init&gt;" desc="()V" line="53"><counter type="INSTRUCTION" missed="0" covered="3"/><counter type="LINE" missed="0" covered="2"/><counter type="COMPLEXITY" missed="0" covered="1"/><counter type="METHOD" missed="0" covered="1"/></method><method name="&lt;init&gt;" desc="(Ljava/lang/String;Ljava/lang/String;Ljava/lang/String;)V" line="62"><counter type="INSTRUCTION" missed="0" covered="12"/><counter type="LINE" missed="0" covered="5"/><counter type="COMPLEXITY" missed="0" covered="1"/><counter type="METHOD" missed="0" covered="1"/></method><method name="equals" desc="(Ljava/lang/Object;)Z" line="75"><counter type="INSTRUCTION" missed="85" covered="0"/><counter type="BRANCH" missed="30" covered="0"/><counter type="LINE" missed="28" covered="0"/><counter type="COMPLEXITY" missed="16" covered="0"/><counter type="METHOD" missed="1" covered="0"/></method><method name="getId" desc="()Ljava/lang/String;" line="124"><counter type="INSTRUCTION" missed="3" covered="0"/><counter type="LINE" missed="1" covered="0"/><counter type="COMPLEXITY" missed="1" covered="0"/><counter type="METHOD" missed="1" covered="0"/></method><method name="getName" desc="()Ljava/lang/String;" line="131"><counter type="INSTRUCTION" missed="3" covered="0"/><counter type="LINE" missed="1" covered="0"/><counter type="COMPLEXITY" missed="1" covered="0"/><counter type="METHOD" missed="1" covered="0"/></method><method name="getPk" desc="()Ljava/lang/Long;" line="138"><counter type="INSTRUCTION" missed="3" covered="0"/><counter type="LINE" missed="1" covered="0"/><counter type="COMPLEXITY" missed="1" covered="0"/><counter type="METHOD" missed="1" covered="0"/></method><method name="getUnits" desc="()Ljava/lang/String;" line="145"><counter type="INSTRUCTION" missed="0" covered="3"/><counter type="LINE" missed="0" covered="1"/><counter type="COMPLEXITY" missed="0" covered="1"/><counter type="METHOD" missed="0" covered="1"/></method><method name="hashCode" desc="()I" line="155"><counter type="INSTRUCTION" missed="58" covered="0"/><counter type="BRANCH" missed="8" covered="0"/><counter type="LINE" missed="7" covered="0"/><counter type="COMPLEXITY" missed="5" covered="0"/><counter type="METHOD" missed="1" covered="0"/></method><method name="setId" desc="(Ljava/lang/String;)V" line="168"><counter type="INSTRUCTION" missed="4" covered="0"/><counter type="LINE" missed="2" covered="0"/><counter type="COMPLEXITY" missed="1" covered="0"/><counter type="METHOD" missed="1" covered="0"/></method><method name="setName" desc="(Ljava/lang/String;)V" line="175"><counter type="INSTRUCTION" missed="0" covered="4"/><counter type="LINE" missed="0" covered="2"/><counter type="COMPLEXITY" missed="0" covered="1"/><counter type="METHOD" missed="0" covered="1"/></method><method name="setPk" desc="(Ljava/lang/Long;)V" line="183"><counter type="INSTRUCTION" missed="4" covered="0"/><counter type="LINE" missed="2" covered="0"/><counter type="COMPLEXITY" missed="1" covered="0"/><counter type="METHOD" missed="1" covered="0"/></method><method name="setUnits" desc="(Ljava/lang/String;)V" line="190"><counter type="INSTRUCTION" missed="0" covered="4"/><counter type="LINE" missed="0" covered="2"/><counter type="COMPLEXITY" missed="0" covered="1"/><counter type="METHOD" missed="0" covered="1"/></method><method name="toMeasurementType" desc="()Lorg/watt
[...]
 ci="0" mb="0" cb="0"/><line nr="71" mi="4" ci="0" mb="0" cb="0"/><line nr="73" mi="5" ci="0" mb="0" cb="0"/><line nr="75" mi="1" ci="0" mb="0" cb="0"/><line nr="76" mi="13" ci="0" mb="0" cb="0"/><line nr="77" mi="2" ci="0" mb="0" cb="0"/><line nr="78" mi="1" ci="0" mb="0" cb="0"/><line nr="79" mi="4" ci="0" mb="2" cb="0"/><line nr="80" mi="4" ci="0" mb="0" cb="0"/><line nr="81" mi="2" ci="0" mb="0" cb="0"/><line nr="83" mi="4" ci="0" mb="2" cb="0"/><line nr="84" mi="5" ci="0" mb="0" cb="0"/><line nr="87" mi="2" ci="0" mb="0" cb="0"/><line nr="89" mi="4" ci="0" mb="2" cb="0"/><line nr="90" mi="5" ci="0" mb="0" cb="0"/><line nr="93" mi="2" ci="0" mb="0" cb="0"/><line nr="95" mi="4" ci="0" mb="2" cb="0"/><line nr="96" mi="5" ci="0" mb="0" cb="0"/><line nr="99" mi="2" ci="0" mb="0" cb="0"/><line nr="101" mi="4" ci="0" mb="2" cb="0"/><line nr="102" mi="5" ci="0" mb="0" cb="0"/><line nr="105" mi="2" ci="0" mb="0" cb="0"/><line nr="107" mi="4" ci="0" mb="2" cb="0"/><line nr="108" mi="7" ci="0" mb="0" cb="0"/><line nr="111" mi="3" ci="0" mb="0" cb="0"/><line nr="113" mi="4" ci="0" mb="0" cb="0"/><line nr="114" mi="2" ci="0" mb="2" cb="0"/><line nr="115" mi="3" ci="0" mb="0" cb="0"/><line nr="116" mi="10" ci="0" mb="0" cb="0"/><line nr="117" mi="10" ci="0" mb="0" cb="0"/><line nr="118" mi="10" ci="0" mb="0" cb="0"/><line nr="119" mi="10" ci="0" mb="0" cb="0"/><line nr="120" mi="10" ci="0" mb="0" cb="0"/><line nr="123" mi="5" ci="0" mb="0" cb="0"/><line nr="124" mi="8" ci="0" mb="2" cb="0"/><line nr="125" mi="12" ci="0" mb="0" cb="0"/><line nr="128" mi="1" ci="0" mb="0" cb="0"/><counter type="INSTRUCTION" missed="252" covered="0"/><counter type="BRANCH" missed="16" covered="0"/><counter type="LINE" missed="53" covered="0"/><counter type="COMPLEXITY" missed="10" covered="0"/><counter type="METHOD" missed="2" covered="0"/><counter type="CLASS" missed="1" covered="0"/></sourcefile><sourcefile name="GetIntervalValueThroughput.java"><line nr="82" mi="2" ci="0" mb="0" cb="0"/><line nr="83" mi="3" ci="0" mb="0" cb="0"/><line nr="84" mi="3" ci="0" mb="0" cb="0"/><line nr="85" mi="3" ci="0" mb="0" cb="0"/><line nr="86" mi="3" ci="0" mb="0" cb="0"/><line nr="87" mi="3" ci="0" mb="0" cb="0"/><line nr="88" mi="4" ci="0" mb="0" cb="0"/><line nr="89" mi="4" ci="0" mb="0" cb="0"/><line nr="90" mi="4" ci="0" mb="0" cb="0"/><line nr="91" mi="5" ci="0" mb="0" cb="0"/><line nr="92" mi="5" ci="0" mb="0" cb="0"/><line nr="93" mi="5" ci="0" mb="0" cb="0"/><line nr="94" mi="6" ci="0" mb="0" cb="0"/><line nr="95" mi="10" ci="0" mb="0" cb="0"/><line nr="97" mi="7" ci="0" mb="0" cb="0"/><line nr="98" mi="1" ci="0" mb="0" cb="0"/><line nr="110" mi="4" ci="0" mb="0" cb="0"/><line nr="111" mi="2" ci="0" mb="0" cb="0"/><line nr="112" mi="2" ci="0" mb="0" cb="0"/><line nr="113" mi="2" ci="0" mb="0" cb="0"/><line nr="114" mi="2" ci="0" mb="0" cb="0"/><line nr="115" mi="2" ci="0" mb="0" cb="0"/><line nr="116" mi="2" ci="0" mb="0" cb="0"/><line nr="117" mi="2" ci="0" mb="0" cb="0"/><line nr="119" mi="6" ci="0" mb="0" cb="0"/><line nr="121" mi="7" ci="0" mb="0" cb="0"/><line nr="122" mi="7" ci="0" mb="0" cb="0"/><line nr="123" mi="7" ci="0" mb="0" cb="0"/><line nr="124" mi="7" ci="0" mb="0" cb="0"/><line nr="125" mi="7" ci="0" mb="0" cb="0"/><line nr="126" mi="7" ci="0" mb="0" cb="0"/><line nr="127" mi="4" ci="0" mb="0" cb="0"/><line nr="128" mi="4" ci="0" mb="0" cb="0"/><line nr="130" mi="5" ci="0" mb="0" cb="0"/><line nr="132" mi="1" ci="0" mb="0" cb="0"/><line nr="133" mi="13" ci="0" mb="0" cb="0"/><line nr="134" mi="2" ci="0" mb="0" cb="0"/><line nr="135" mi="1" ci="0" mb="0" cb="0"/><line nr="136" mi="4" ci="0" mb="2" cb="0"/><line nr="137" mi="4" ci="0" mb="0" cb="0"/><line nr="138" mi="2" ci="0" mb="0" cb="0"/><line nr="140" mi="4" ci="0" mb="2" cb="0"/><line nr="141" mi="5" ci="0" mb="0" cb="0"/><line nr="144" mi="2" ci="0" mb="0" cb="0"/><line nr="146" mi="4" ci="0" mb="2" cb="0"/><line nr="147" mi="5" ci="0" mb="0" cb="0"/><line nr="150" mi="2" ci="0" mb="0" cb="0"/><line nr="152" mi="4" ci="0" mb="2" cb="0"/><line nr="153" mi="5" ci="0" mb="0" cb="0"/><line nr="156" mi="2" ci="0" mb="0" cb="0"/><line nr="158" mi="4" ci="0" mb="2" cb="0"/><line nr="159" mi="5" ci="0" mb="0" cb="0"/><line nr="162" mi="2" ci="0" mb="0" cb="0"/><line nr="164" mi="4" ci="0" mb="2" cb="0"/><line nr="165" mi="7" ci="0" mb="0" cb="0"/><line nr="168" mi="3" ci="0" mb="0" cb="0"/><line nr="170" mi="4" ci="0" mb="0" cb="0"/><line nr="171" mi="2" ci="0" mb="2" cb="0"/><line nr="172" mi="3" ci="0" mb="0" cb="0"/><line nr="173" mi="10" ci="0" mb="0" cb="0"/><line nr="174" mi="10" ci="0" mb="0" cb="0"/><line nr="175" mi="10" ci="0" mb="0" cb="0"/><line nr="176" mi="3" ci="0" mb="0" cb="0"/><line nr="177" mi="10" ci="0" mb="0" cb="0"/><line nr="180" mi="5" ci="0" mb="0" cb="0"/><line nr="181" mi="16" ci="0" mb="0" cb="0"/><line nr="184" mi="1" ci="0" mb="0" cb="0"/><line nr="194" mi="4" ci="0" mb="2" cb="0"/><line nr="196" mi="17" ci="0" mb="0" cb="0"/><line nr="198" mi="5" ci="0" mb="0" cb="0"/><line nr="202" mi="3" ci="0" mb="0" cb="0"/><line nr="203" mi="17" ci="0" mb="0" cb="0"/><line nr="204" mi="4" ci="0" mb="0" cb="0"/><line nr="205" mi="7" ci="0" mb="0" cb="0"/><line nr="206" mi="10" ci="0" mb="0" cb="0"/><line nr="207" mi="10" ci="0" mb="0" cb="0"/><line nr="208" mi="6" ci="0" mb="0" cb="0"/><line nr="209" mi="4" ci="0" mb="0" cb="0"/><line nr="212" mi="25" ci="0" mb="0" cb="0"/><line nr="218" mi="11" ci="0" mb="0" cb="0"/><line nr="221" mi="6" ci="0" mb="0" cb="0"/><line nr="222" mi="3" ci="0" mb="0" cb="0"/><line nr="227" mi="11" ci="0" mb="2" cb="0"/><line nr="229" mi="3" ci="0" mb="2" cb="0"/><line nr="230" mi="15" ci="0" mb="0" cb="0"/><line nr="231" mi="7" ci="0" mb="0" cb="0"/><line nr="232" mi="3" ci="0" mb="2" cb="0"/><line nr="233" mi="11" ci="0" mb="0" cb="0"/><line nr="237" mi="18" ci="0" mb="0" cb="0"/><line nr="239" mi="3" ci="0" mb="2" cb="0"/><line nr="240" mi="10" ci="0" mb="0" cb="0"/><line nr="243" mi="2" ci="0" mb="0" cb="0"/><line nr="245" mi="1" ci="0" mb="0" cb="0"/><line nr="247" mi="2" ci="0" mb="0" cb="0"/><line nr="249" mi="1" ci="0" mb="0" cb="0"/><line nr="251" mi="2" ci="0" mb="0" cb="0"/><line nr="253" mi="1" ci="0" mb="0" cb="0"/><line nr="255" mi="2" ci="0" mb="0" cb="0"/><line nr="257" mi="1" ci="0" mb="0" cb="0"/><line nr="259" mi="2" ci="0" mb="0" cb="0"/><line nr="260" mi="4" ci="0" mb="0" cb="0"/><line nr="263" mi="1" ci="0" mb="0" cb="0"/><line nr="271" mi="3" ci="0" mb="0" cb="0"/><line nr="272" mi="2" ci="0" mb="0" cb="0"/><line nr="273" mi="4" ci="0" mb="0" cb="0"/><line nr="274" mi="4" ci="0" mb="0" cb="0"/><line nr="275" mi="2" ci="0" mb="0" cb="0"/><counter type="INSTRUCTION" missed="553" covered="0"/><counter type="BRANCH" missed="24" covered="0"/><counter type="LINE" missed="107" covered="0"/><counter type="COMPLEXITY" missed="16" covered="0"/><counter type="METHOD" missed="4" covered="0"/><counter type="CLASS" missed="1" covered="0"/></sourcefile><sourcefile name="GetIntervalValueTask.java"><line nr="55" mi="7" ci="0" mb="0" cb="0"/><line nr="56" mi="9" ci="0" mb="0" cb="0"/><line nr="57" mi="9" ci="0" mb="0" cb="0"/><line nr="58" mi="9" ci="0" mb="0" cb="0"/><line nr="59" mi="9" ci="0" mb="0" cb="0"/><line nr="60" mi="10" ci="0" mb="0" cb="0"/><line nr="61" mi="10" ci="0" mb="0" cb="0"/><line nr="62" mi="1" ci="0" mb="0" cb="0"/><line nr="71" mi="12" ci="0" mb="0" cb="0"/><line nr="73" mi="1" ci="0" mb="0" cb="0"/><line nr="74" mi="2" ci="0" mb="0" cb="0"/><line nr="75" mi="1" ci="0" mb="0" cb="0"/><line nr="76" mi="1" ci="0" mb="0" cb="0"/><counter type="INSTRUCTION" missed="81" covered="0"/><counter type="LINE" missed="13" covered="0"/><counter type="COMPLEXITY" missed="2" covered="0"/><counter type="METHOD" missed="2" covered="0"/><counter type="CLASS" missed="1" covered="0"/></sourcefile><sourcefile name="PutCollectorRate.java"><line nr="40" mi="3" ci="0" mb="0" cb="0"/><line nr="52" mi="4" ci="0" mb="0" cb="0"/><line nr="53" mi="2" ci="0" mb="0" cb="0"/><line nr="54" mi="2" ci="0" mb="0" cb="0"/><line nr="55" mi="2" ci="0" mb="0" cb="0"/><line nr="56" mi="2" ci="0" mb="0" cb="0"/><line nr="57" mi="2" ci="0" mb="0" cb="0"/><line nr="58" mi="2" ci="0" mb="0" cb="0"/><line nr="59" mi="2" ci="0" mb="0" cb="0"/><line nr="60" mi="2" ci="0" mb="0" cb="0"/><line nr="62" mi="6" ci="0" mb="0" cb="0"/><line nr="64" mi="7" ci="0" mb="0" cb="0"/><line nr="65" mi="7" ci="0" mb="0" cb="0"/><line nr="66" mi="7" ci="0" mb="0" cb="0"/><line nr="67" mi="7" ci="0" mb="0" cb="0"/><line nr="68" mi="7" ci="0" mb="0" cb="0"/><line nr="70" mi="7" ci="0" mb="0" cb="0"/><line nr="71" mi="7" ci="0" mb="0" cb="0"/><line nr="72" mi="4" ci="0" mb="0" cb="0"/><line nr="73" mi="4" ci="0" mb="0" cb="0"/><line nr="75" mi="5" ci="0" mb="0" cb="0"/><line nr="77" mi="1" ci="0" mb="0" cb="0"/><line nr="78" mi="13" ci="0" mb="0" cb="0"/><line nr="79" mi="2" ci="0" mb="0" cb="0"/><line nr="80" mi="1" ci="0" mb="0" cb="0"/><line nr="81" mi="4" ci="0" mb="2" cb="0"/><line nr="82" mi="4" ci="0" mb="0" cb="0"/><line nr="83" mi="2" ci="0" mb="0" cb="0"/><line nr="85" mi="4" ci="0" mb="2" cb="0"/><line nr="86" mi="5" ci="0" mb="0" cb="0"/><line nr="89" mi="2" ci="0" mb="0" cb="0"/><line nr="91" mi="4" ci="0" mb="2" cb="0"/><line nr="92" mi="5" ci="0" mb="0" cb="0"/><line nr="95" mi="2" ci="0" mb="0" cb="0"/><line nr="97" mi="4" ci="0" mb="2" cb="0"/><line nr="98" mi="5" ci="0" mb="0" cb="0"/><line nr="101" mi="2" ci="0" mb="0" cb="0"/><line nr="103" mi="4" ci="0" mb="2" cb="0"/><line nr="104" mi="5" ci="0" mb="0" cb="0"/><line nr="107" mi="2" ci="0" mb="0" cb="0"/><line nr="109" mi="4" ci="0" mb="2" cb="0"/><line nr="110" mi="7" ci="0" mb="0" cb="0"/><line nr="113" mi="3" ci="0" mb="0" cb="0"/><line nr="115" mi="4" ci="0" mb="0" cb="0"/><line nr="116" mi="4" ci="0" mb="2" cb="0"/><line nr="117" mi="5" ci="0" mb="0" cb="0"/><line nr="120" mi="2" ci="0" mb="0" cb="0"/><line nr="122" mi="2" ci="0" mb="2" cb="0"/><line nr="123" mi="3" ci="0" mb="0" cb="0"/><line nr="124" mi="10" ci="0" mb="0" cb="0"/><line nr="125" mi="10" ci="0" mb="0" cb="0"/><line nr="126" mi="10" ci="0" mb="0" cb="0"/><line nr="127" mi="3" ci="0" mb="0" cb="0"/><line nr="128" mi="10" ci="0" mb="0" cb="0"/><line nr="129" mi="10" ci="0" mb="0" cb="0"/><line nr="132" mi="5" ci="0" mb="0" cb="0"/><line nr="133" mi="8" ci="0" mb="2" cb="0"/><line nr="134" mi="13" ci="0" mb="0" cb="0"/><line nr="136" mi="1" ci="0" mb="0" cb="0"/><counter type="INSTRUCTION" missed="276" covered="0"/><counter type="BRANCH" missed="18" covered="0"/><counter type="LINE" missed="59" covered="0"/><counter type="COMPLEXITY" missed="11" covered="0"/><counter type="METHOD" missed="2" covered="0"/><counter type="CLASS" missed="1" covered="0"/></sourcefile><sourcefile name="GetLatestValueThroughput.java"><line nr="81" mi="2" ci="0" mb="0" cb="0"/><line nr="82" mi="3" ci="0" mb="0" cb="0"/><line nr="83" mi="3" ci="0" mb="0" cb="0"/><line nr="84" mi="3" ci="0" mb="0" cb="0"/><line nr="85" mi="3" ci="0" mb="0" cb="0"/><line nr="86" mi="3" ci="0" mb="0" cb="0"/><line nr="87" mi="4" ci="0" mb="0" cb="0"/><line nr="88" mi="4" ci="0" mb="0" cb="0"/><line nr="89" mi="4" ci="0" mb="0" cb="0"/><line nr="90" mi="5" ci="0" mb="0" cb="0"/><line nr="91" mi="5" ci="0" mb="0" cb="0"/><line nr="92" mi="5" ci="0" mb="0" cb="0"/><line nr="93" mi="6" ci="0" mb="0" cb="0"/><line nr="94" mi="10" ci="0" mb="0" cb="0"/><line nr="96" mi="7" ci="0" mb="0" cb="0"/><line nr="97" mi="1" ci="0" mb="0" cb="0"/><line nr="109" mi="4" ci="0" mb="0" cb="0"/><line nr="110" mi="2" ci="0" mb="0" cb="0"/><line nr="111" mi="2" ci="0" mb="0" cb="0"/><line nr="112" mi="2" ci="0" mb="0" cb="0"/><line nr="113" mi="2" ci="0" mb="0" cb="0"/><line nr="114" mi="2" ci="0" mb="0" cb="0"/><line nr="115" mi="2" ci="0" mb="0" cb="0"/><line nr="116" mi="2" ci="0" mb="0" cb="0"/><line nr="118" mi="6" ci="0" mb="0" cb="0"/><line nr="120" mi="7" ci="0" mb="0" cb="0"/><line nr="121" mi="7" ci="0" mb="0" cb="0"/><line nr="122" mi="7" ci="0" mb="0" cb="0"/><line nr="123" mi="7" ci="0" mb="0" cb="0"/><line nr="124" mi="7" ci="0" mb="0" cb="0"/><line nr="125" mi="7" ci="0" mb="0" cb="0"/><line nr="126" mi="4" ci="0" mb="0" cb="0"/><line nr="127" mi="4" ci="0" mb="0" cb="0"/><line nr="129" mi="5" ci="0" mb="0" cb="0"/><line nr="131" mi="1" ci="0" mb="0" cb="0"/><line nr="132" mi="13" ci="0" mb="0" cb="0"/><line nr="133" mi="2" ci="0" mb="0" cb="0"/><line nr="134" mi="1" ci="0" mb="0" cb="0"/><line nr="135" mi="4" ci="0" mb="2" cb="0"/><line nr="136" mi="4" ci="0" mb="0" cb="0"/><line nr="137" mi="2" ci="0" mb="0" cb="0"/><line nr="139" mi="4" ci="0" mb="2" cb="0"/><line nr="140" mi="5" ci="0" mb="0" cb="0"/><line nr="143" mi="2" ci="0" mb="0" cb="0"/><line nr="145" mi="4" ci="0" mb="2" cb="0"/><line nr="146" mi="5" ci="0" mb="0" cb="0"/><line nr="149" mi="2" ci="0" mb="0" cb="0"/><line nr="151" mi="4" ci="0" mb="2" cb="0"/><line nr="152" mi="5" ci="0" mb="0" cb="0"/><line nr="155" mi="2" ci="0" mb="0" cb="0"/><line nr="157" mi="4" ci="0" mb="2" cb="0"/><line nr="158" mi="5" ci="0" mb="0" cb="0"/><line nr="161" mi="2" ci="0" mb="0" cb="0"/><line nr="163" mi="4" ci="0" mb="2" cb="0"/><line nr="164" mi="7" ci="0" mb="0" cb="0"/><line nr="167" mi="3" ci="0" mb="0" cb="0"/><line nr="169" mi="4" ci="0" mb="0" cb="0"/><line nr="170" mi="2" ci="0" mb="2" cb="0"/><line nr="171" mi="3" ci="0" mb="0" cb="0"/><line nr="172" mi="10" ci="0" mb="0" cb="0"/><line nr="173" mi="10" ci="0" mb="0" cb="0"/><line nr="174" mi="10" ci="0" mb="0" cb="0"/><line nr="175" mi="3" ci="0" mb="0" cb="0"/><line nr="176" mi="10" ci="0" mb="0" cb="0"/><line nr="179" mi="5" ci="0" mb="0" cb="0"/><line nr="180" mi="16" ci="0" mb="0" cb="0"/><line nr="182" mi="1" ci="0" mb="0" cb="0"/><line nr="192" mi="4" ci="0" mb="2" cb="0"/><line nr="194" mi="17" ci="0" mb="0" cb="0"/><line nr="196" mi="5" ci="0" mb="0" cb="0"/><line nr="200" mi="3" ci="0" mb="0" cb="0"/><line nr="201" mi="17" ci="0" mb="0" cb="0"/><line nr="202" mi="4" ci="0" mb="0" cb="0"/><line nr="203" mi="7" ci="0" mb="0" cb="0"/><line nr="204" mi="10" ci="0" mb="0" cb="0"/><line nr="205" mi="10" ci="0" mb="0" cb="0"/><line nr="206" mi="6" ci="0" mb="0" cb="0"/><line nr="207" mi="4" ci="0" mb="0" cb="0"/><line nr="210" mi="25" ci="0" mb="0" cb="0"/><line nr="216" mi="11" ci="0" mb="0" cb="0"/><line nr="219" mi="6" ci="0" mb="0" cb="0"/><line nr="220" mi="3" ci="0" mb="0" cb="0"/><line nr="225" mi="11" ci="0" mb="2" cb="0"/><line nr="227" mi="3" ci="0" mb="2" cb="0"/><line nr="228" mi="15" ci="0" mb="0" cb="0"/><line nr="229" mi="7" ci="0" mb="0" cb="0"/><line nr="230" mi="3" ci="0" mb="2" cb="0"/><line nr="231" mi="11" ci="0" mb="0" cb="0"/><line nr="235" mi="18" ci="0" mb="0" cb="0"/><line nr="237" mi="3" ci="0" mb="2" cb="0"/><line nr="238" mi="10" ci="0" mb="0" cb="0"/><line nr="241" mi="2" ci="0" mb="0" cb="0"/><line nr="243" mi="1" ci="0" mb="0" cb="0"/><line nr="245" mi="2" ci="0" mb="0" cb="0"/><line nr="247" mi="1" ci="0" mb="0" cb="0"/><line nr="249" mi="2" ci="0" mb="0" cb="0"/><line nr="252" mi="1" ci="0" mb="0" cb="0"/><line nr="254" mi="2" ci="0" mb="0" cb="0"/><line nr="256" mi="1" ci="0" mb="0" cb="0"/><line nr="258" mi="2" ci="0" mb="0" cb="0"/><line nr="259" mi="4" ci="0" mb="0" cb="0"/><line nr="262" mi="1" ci="0" mb="0" cb="0"/><line nr="270" mi="3" ci="0" mb="0" cb="0"/><line nr="271" mi="2" ci="0" mb="0" cb="0"/><line nr="272" mi="4" ci="0" mb="0" cb="0"/><line nr="273" mi="4" ci="0" mb="0" cb="0"/><line nr="274" mi="2" ci="0" mb="0" cb="0"/><counter type="INSTRUCTION" missed="553" covered="0"/><counter type="BRANCH" missed="24" covered="0"/><counter type="LINE" missed="107" covered="0"/><counter type="COMPLEXITY" missed="16" covered="0"/><counter type="METHOD" missed="4" covered="0"/><counter type="CLASS" missed="1" covered="0"/></sourcefile><sourcefile name="PutTask.java"><line nr="56" mi="7" ci="0" mb="0" cb="0"/><line nr="57" mi="1" ci="0" mb="0" cb="0"/><line nr="76" mi="8" ci="0" mb="0" cb="0"/><line nr="77" mi="1" ci="0" mb="0" cb="0"/><line nr="83" mi="4" ci="0" mb="0" cb="0"/><line nr="84" mi="6" ci="0" mb="0" cb="0"/><line nr="85" mi="17" ci="0" mb="0" cb="0"/><line nr="87" mi="2" ci="0" mb="0" cb="0"/><line nr="95" mi="3" ci="0" mb="0" cb="0"/><line nr="97" mi="6" ci="0" mb="0" cb="0"/><line nr="99" mi="1" ci="0" mb="0" cb="0"/><line nr="101" mi="2" ci="0" mb="0" cb="0"/><line nr="102" mi="1" ci="0" mb="0" cb="0"/><line nr="103" mi="1" ci="0" mb="0" cb="0"/><counter type="INSTRUCTION" missed="60" covered="0"/><counter type="LINE" missed="14" covered="0"/><counter type="COMPLEXITY" missed="4" covered="0"/><counter type="METHOD" missed="4" covered="0"/><counter type="CLASS" missed="1" covered="0"/></sourcefile><sourcefile name="GetEarliestValueRate.java"><line nr="40" mi="3" ci="0" mb="0" cb="0"/><line nr="52" mi="4" ci="0" mb="0" cb="0"/><line nr="53" mi="2" ci="0" mb="0" cb="0"/><line nr="54" mi="2" ci="0" mb="0" cb="0"/><line nr="55" mi="2" ci="0" mb="0" cb="0"/><line nr="56" mi="2" ci="0" mb="0" cb="0"/><line nr="57" mi="2" ci="0" mb="0" cb="0"/><line nr="58" mi="2" ci="0" mb="0" cb="0"/><line nr="59" mi="2" ci="0" mb="0" cb="0"/><line nr="61" mi="6" ci="0" mb="0" cb="0"/><line nr="63" mi="7" ci="0" mb="0" cb="0"/><line nr="64" mi="7" ci="0" mb="0" cb="0"/><line nr="65" mi="7" ci="0" mb="0" cb="0"/><line nr="66" mi="7" ci="0" mb="0" cb="0"/><line nr="67" mi="7" ci="0" mb="0" cb="0"/><line nr="69" mi="7" ci="0" mb="0" cb="0"/><line nr="70" mi="4" ci="0" mb="0" cb="0"/><line nr="71" mi="4" ci="0" mb="0" cb="0"/><line nr="73" mi="5" ci="0" mb="0" cb="0"/><line nr="75" mi="1" ci="0" mb="0" cb="0"/><line nr="76" mi="13" ci="0" mb="0" cb="0"/><line nr="77" mi="2" ci="0" mb="0" cb="0"/><line nr="78" mi="1" ci="0" mb="0" cb="0"/><line nr="79" mi="4" ci="0" mb="2" cb="0"/><line nr="80" mi="4" ci="0" mb="0" cb="0"/><line nr="81" mi="2" ci="0" mb="0" cb="0"/><line nr="83" mi="4" ci="0" mb="2" cb="0"/><line nr="84" mi="5" ci="0" mb="0" cb="0"/><line nr="87" mi="2" ci="0" mb="0" cb="0"/><line nr="89" mi="4" ci="0" mb="2" cb="0"/><line nr="90" mi="5" ci="0" mb="0" cb="0"/><line nr="93" mi="2" ci="0" mb="0" cb="0"/><line nr="95" mi="4" ci="0" mb="2" cb="0"/><line nr="96" mi="5" ci="0" mb="0" cb="0"/><line nr="99" mi="2" ci="0" mb="0" cb="0"/><line nr="101" mi="4" ci="0" mb="2" cb="0"/><line nr="102" mi="5" ci="0" mb="0" cb="0"/><line nr="105" mi="2" ci="0" mb="0" cb="0"/><line nr="107" mi="4" ci="0" mb="2" cb="0"/><line nr="108" mi="7" ci="0" mb="0" cb="0"/><line nr="111" mi="3" ci="0" mb="0" cb="0"/><line nr="113" mi="4" ci="0" mb="0" cb="0"/><line nr="114" mi="2" ci="0" mb="2" cb="0"/><line nr="115" mi="3" ci="0" mb="0" cb="0"/><line nr="116" mi="10" ci="0" mb="0" cb="0"/><line nr="117" mi="10" ci="0" mb="0" cb="0"/><line nr="118" mi="10" ci="0" mb="0" cb="0"/><line nr="119" mi="3" ci="0" mb="0" cb="0"/><line nr="120" mi="10" ci="0" mb="0" cb="0"/><line nr="123" mi="5" ci="0" mb="0" cb="0"/><line nr="124" mi="8" ci="0" mb="2" cb="0"/><line nr="125" mi="12" ci="0" mb="0" cb="0"/><line nr="128" mi="1" ci="0" mb="0" cb="0"/><counter type="INSTRUCTION" missed="245" covered="0"/><counter type="BRANCH" missed="16" covered="0"/><counter type="LINE" missed="53" covered="0"/><counter type="COMPLEXITY" missed="10" covered="0"/><counter type="METHOD" missed="2" covered="0"/><counter type="CLASS" missed="1" covered="0"/></sourcefile><counter type="INSTRUCTION" missed="4756" covered="0"/><counter type="BRANCH" missed="240" covered="0"/><counter type="LINE" missed="950" covered="0"/><counter type="COMPLEXITY" missed="173" covered="0"/><counter type="METHOD" missed="53" covered="0"/><counter type="CLASS" missed="17" covered="0"/></package><counter type="INSTRUCTION" missed="28432" covered="22459"/><counter type="BRANCH" missed="2634" covered="1134"/><counter type="LINE" missed="5526" covered="4745"/><counter type="COMPLEXITY" missed="2082" covered="1117"/><counter type="METHOD" missed="482" covered="832"/><counter type="CLASS" missed="61" covered="108"/></report>